0 verbose cli /usr/local/bin/node /usr/local/bin/npm
1 info using npm@8.11.0
2 info using node@v16.16.0
3 timing npm:load:whichnode Completed in 0ms
4 timing config:load:defaults Completed in 2ms
5 timing config:load:file:/usr/local/lib/node_modules/npm/npmrc Completed in 1ms
6 timing config:load:builtin Completed in 1ms
7 timing config:load:cli Completed in 6ms
8 timing config:load:env Completed in 0ms
9 timing config:load:file:/data/.npmrc Completed in 1ms
10 timing config:load:project Completed in 6ms
11 timing config:load:file:/usr/src/node-red/.npmrc Completed in 1ms
12 timing config:load:user Completed in 1ms
13 timing config:load:file:/usr/local/etc/npmrc Completed in 9ms
14 timing config:load:global Completed in 9ms
15 timing config:load:validate Completed in 0ms
16 timing config:load:credentials Completed in 2ms
17 timing config:load:setEnvs Completed in 3ms
18 timing config:load Completed in 31ms
19 timing npm:load:configload Completed in 31ms
20 timing npm:load:mkdirpcache Completed in 7ms
21 timing npm:load:mkdirplogs Completed in 7ms
22 verbose title npm remove node-red-contrib-spreadsheet-in
23 verbose argv "remove" "--no-audit" "--no-update-notifier" "--no-fund" "--save" "node-red-contrib-spreadsheet-in"
24 timing npm:load:setTitle Completed in 1ms
25 timing config:load:flatten Completed in 4ms
26 timing npm:load:display Completed in 6ms
27 verbose logfile logs-max:10 dir:/data/.npm/_logs
28 verbose logfile /data/.npm/_logs/2022-09-27T07_03_02_426Z-debug-0.log
29 timing npm:load:logFile Completed in 20ms
30 timing npm:load:timers Completed in 0ms
31 timing npm:load:configScope Completed in 0ms
32 timing npm:load Completed in 76ms
33 timing arborist:ctor Completed in 1ms
34 silly logfile start cleaning logs, removing 2 files
35 silly logfile done cleaning log files
36 timing idealTree:init Completed in 42ms
37 timing idealTree:userRequests Completed in 0ms
38 silly idealTree buildDeps
39 timing idealTree:#root Completed in 0ms
40 timing idealTree:buildDeps Completed in 2ms
41 timing idealTree:fixDepFlags Completed in 2ms
42 timing idealTree Completed in 51ms
43 timing arborist:ctor Completed in 0ms
44 timing reify:loadTrees Completed in 85ms
45 timing reify:diffTrees Completed in 2ms
46 silly reify mark retired [ '/data/node_modules/adler-32' ]
47 silly reify mark retired [ '/data/node_modules/cfb' ]
48 silly reify mark retired [ '/data/node_modules/codepage' ]
49 silly reify mark retired [ '/data/node_modules/crc-32', '/data/node_modules/.bin/crc32' ]
50 silly reify mark retired [ '/data/node_modules/frac' ]
51 silly reify mark retired [ '/data/node_modules/node-red-contrib-spreadsheet-in' ]
52 silly reify mark retired [ '/data/node_modules/ssf' ]
53 silly reify mark retired [ '/data/node_modules/wmf' ]
54 silly reify mark retired [ '/data/node_modules/word' ]
55 silly reify mark retired [ '/data/node_modules/xlsx', '/data/node_modules/.bin/xlsx' ]
56 silly reify moves {
56 silly reify   '/data/node_modules/adler-32': '/data/node_modules/.adler-32-KrXn4QHh',
56 silly reify   '/data/node_modules/cfb': '/data/node_modules/.cfb-Aa2MlFI8',
56 silly reify   '/data/node_modules/codepage': '/data/node_modules/.codepage-h5fXAjHA',
56 silly reify   '/data/node_modules/crc-32': '/data/node_modules/.crc-32-ynZ07F1O',
56 silly reify   '/data/node_modules/.bin/crc32': '/data/node_modules/.bin/.crc32-kY5xtLs5',
56 silly reify   '/data/node_modules/frac': '/data/node_modules/.frac-LKQtQOpJ',
56 silly reify   '/data/node_modules/node-red-contrib-spreadsheet-in': '/data/node_modules/.node-red-contrib-spreadsheet-in-V4CLjdUb',
56 silly reify   '/data/node_modules/ssf': '/data/node_modules/.ssf-ePteV8VD',
56 silly reify   '/data/node_modules/wmf': '/data/node_modules/.wmf-iAYyAyF8',
56 silly reify   '/data/node_modules/word': '/data/node_modules/.word-J2FF4KVV',
56 silly reify   '/data/node_modules/xlsx': '/data/node_modules/.xlsx-8t2SQ23T',
56 silly reify   '/data/node_modules/.bin/xlsx': '/data/node_modules/.bin/.xlsx-WqqJ2LMM'
56 silly reify }
57 timing reify:retireShallow Completed in 61ms
58 timing reify:createSparse Completed in 0ms
59 timing reify:loadBundles Completed in 0ms
60 timing reify:unpack Completed in 1ms
61 timing reify:unretire Completed in 1ms
62 timing build:queue Completed in 0ms
63 timing build:deps Completed in 1ms
64 timing build Completed in 2ms
65 timing reify:build Completed in 2ms
66 timing reify:trash Completed in 470ms
67 timing reify:save Completed in 8ms
68 timing reify Completed in 651ms
69 silly REMOVE node_modules/xlsx
70 silly REMOVE node_modules/word
71 silly REMOVE node_modules/wmf
72 silly REMOVE node_modules/ssf
73 silly REMOVE node_modules/node-red-contrib-spreadsheet-in
74 silly REMOVE node_modules/frac
75 silly REMOVE node_modules/crc-32
76 silly REMOVE node_modules/codepage
77 silly REMOVE node_modules/cfb
78 silly REMOVE node_modules/adler-32
79 timing command:remove Completed in 662ms
80 verbose exit 0
81 timing npm Completed in 846ms
82 info ok
