0 verbose cli /usr/local/bin/node /usr/local/bin/npm
1 info using npm@8.11.0
2 info using node@v16.16.0
3 timing npm:load:whichnode Completed in 1ms
4 timing config:load:defaults Completed in 4ms
5 timing config:load:file:/usr/local/lib/node_modules/npm/npmrc Completed in 2ms
6 timing config:load:builtin Completed in 2ms
7 warn config production Use `--omit=dev` instead.
8 timing config:load:cli Completed in 5ms
9 timing config:load:env Completed in 1ms
10 timing config:load:file:/data/.npmrc Completed in 0ms
11 timing config:load:project Completed in 4ms
12 timing config:load:file:/usr/src/node-red/.npmrc Completed in 0ms
13 timing config:load:user Completed in 0ms
14 timing config:load:file:/usr/local/etc/npmrc Completed in 8ms
15 timing config:load:global Completed in 8ms
16 timing config:load:validate Completed in 1ms
17 timing config:load:credentials Completed in 2ms
18 timing config:load:setEnvs Completed in 1ms
19 timing config:load Completed in 29ms
20 timing npm:load:configload Completed in 29ms
21 timing npm:load:mkdirpcache Completed in 6ms
22 timing npm:load:mkdirplogs Completed in 7ms
23 verbose title npm install node-red-contrib-alasql@2.0.1
24 verbose argv "install" "--no-audit" "--no-update-notifier" "--no-fund" "--save" "--save-prefix" "~" "--production" "--engine-strict" "node-red-contrib-alasql@2.0.1"
25 timing npm:load:setTitle Completed in 3ms
26 timing config:load:flatten Completed in 6ms
27 timing npm:load:display Completed in 8ms
28 verbose logfile logs-max:10 dir:/data/.npm/_logs
29 verbose logfile /data/.npm/_logs/2022-09-27T07_06_53_588Z-debug-0.log
30 timing npm:load:logFile Completed in 22ms
31 timing npm:load:timers Completed in 0ms
32 timing npm:load:configScope Completed in 0ms
33 timing npm:load Completed in 78ms
34 timing arborist:ctor Completed in 1ms
35 silly logfile start cleaning logs, removing 1 files
36 silly logfile done cleaning log files
37 timing idealTree:init Completed in 16ms
38 timing idealTree:userRequests Completed in 6ms
39 silly idealTree buildDeps
40 silly fetch manifest node-red-contrib-alasql@2.0.1
41 timing arborist:ctor Completed in 0ms
42 http fetch GET 200 https://registry.npmjs.org/node-red-contrib-alasql 1116ms (cache miss)
43 silly placeDep ROOT node-red-contrib-alasql@2.0.1 OK for: node-red-project@0.0.1 want: 2.0.1
44 silly fetch manifest alasql@^0.6.0
45 silly fetch manifest fs-extra@^8.1.0
46 http fetch GET 200 https://registry.npmjs.org/fs-extra 118ms (cache miss)
47 http fetch GET 200 https://registry.npmjs.org/alasql 402ms (cache miss)
48 timing idealTree:#root Completed in 1542ms
49 silly placeDep ROOT alasql@0.6.7 OK for: node-red-contrib-alasql@2.0.1 want: ^0.6.0
50 silly placeDep ROOT fs-extra@8.1.0 OK for: node-red-contrib-alasql@2.0.1 want: ^8.1.0
51 silly fetch manifest dom-storage@^2.1.0
52 silly fetch manifest es6-promise@^4.2.6
53 silly fetch manifest lodash@4.17.20
54 silly fetch manifest request@2.88.2
55 silly fetch manifest xlsx@0.16.8
56 silly fetch manifest yargs@16.1.0
57 silly fetch manifest graceful-fs@^4.2.0
58 silly fetch manifest jsonfile@^4.0.0
59 silly fetch manifest universalify@^0.1.0
60 http fetch GET 200 https://registry.npmjs.org/universalify 296ms (cache miss)
61 http fetch GET 200 https://registry.npmjs.org/jsonfile 301ms (cache miss)
62 http fetch GET 200 https://registry.npmjs.org/lodash 325ms (cache revalidated)
63 http fetch GET 200 https://registry.npmjs.org/dom-storage 338ms (cache miss)
64 http fetch GET 200 https://registry.npmjs.org/es6-promise 356ms (cache miss)
65 http fetch GET 200 https://registry.npmjs.org/graceful-fs 361ms (cache miss)
66 http fetch GET 200 https://registry.npmjs.org/yargs 408ms (cache miss)
67 http fetch GET 200 https://registry.npmjs.org/request 893ms (cache miss)
68 http fetch GET 200 https://registry.npmjs.org/xlsx 1089ms (cache revalidated)
69 timing idealTree:node_modules/node-red-contrib-alasql Completed in 1113ms
70 silly placeDep ROOT dom-storage@2.1.0 OK for: alasql@0.6.7 want: ^2.1.0
71 silly placeDep ROOT es6-promise@4.2.8 OK for: alasql@0.6.7 want: ^4.2.6
72 silly placeDep ROOT lodash@4.17.20 OK for: alasql@0.6.7 want: 4.17.20
73 silly placeDep ROOT request@2.88.2 OK for: alasql@0.6.7 want: 2.88.2
74 silly placeDep ROOT xlsx@0.16.8 OK for: alasql@0.6.7 want: 0.16.8
75 silly placeDep ROOT yargs@16.1.0 OK for: alasql@0.6.7 want: 16.1.0
76 silly fetch manifest aws-sign2@~0.7.0
77 silly fetch manifest aws4@^1.8.0
78 silly fetch manifest caseless@~0.12.0
79 silly fetch manifest combined-stream@~1.0.6
80 silly fetch manifest extend@~3.0.2
81 silly fetch manifest forever-agent@~0.6.1
82 silly fetch manifest form-data@~2.3.2
83 silly fetch manifest har-validator@~5.1.3
84 silly fetch manifest http-signature@~1.2.0
85 silly fetch manifest is-typedarray@~1.0.0
86 silly fetch manifest isstream@~0.1.2
87 silly fetch manifest json-stringify-safe@~5.0.1
88 silly fetch manifest mime-types@~2.1.19
89 silly fetch manifest oauth-sign@~0.9.0
90 silly fetch manifest performance-now@^2.1.0
91 silly fetch manifest qs@~6.5.2
92 silly fetch manifest safe-buffer@^5.1.2
93 silly fetch manifest tough-cookie@~2.5.0
94 silly fetch manifest tunnel-agent@^0.6.0
95 silly fetch manifest uuid@^3.3.2
96 silly fetch manifest adler-32@~1.2.0
97 silly fetch manifest cfb@^1.1.4
98 silly fetch manifest codepage@~1.14.0
99 silly fetch manifest commander@~2.17.1
100 silly fetch manifest crc-32@~1.2.0
101 silly fetch manifest exit-on-epipe@~1.0.1
102 silly fetch manifest ssf@~0.11.2
103 silly fetch manifest word@~0.3.0
104 silly fetch manifest wmf@~1.0.1
105 silly fetch manifest cliui@^7.0.2
106 silly fetch manifest escalade@^3.1.1
107 silly fetch manifest get-caller-file@^2.0.5
108 silly fetch manifest require-directory@^2.1.1
109 silly fetch manifest string-width@^4.2.0
110 silly fetch manifest y18n@^5.0.2
111 silly fetch manifest yargs-parser@^20.2.2
112 http fetch GET 200 https://registry.npmjs.org/aws-sign2 453ms (cache miss)
113 http fetch GET 200 https://registry.npmjs.org/extend 463ms (cache miss)
114 http fetch GET 200 https://registry.npmjs.org/caseless 468ms (cache miss)
115 http fetch GET 200 https://registry.npmjs.org/safe-buffer 456ms (cache miss)
116 http fetch GET 200 https://registry.npmjs.org/forever-agent 501ms (cache miss)
117 http fetch GET 200 https://registry.npmjs.org/performance-now 495ms (cache miss)
118 http fetch GET 200 https://registry.npmjs.org/aws4 522ms (cache miss)
119 http fetch GET 200 https://registry.npmjs.org/escalade 496ms (cache miss)
120 http fetch GET 200 https://registry.npmjs.org/combined-stream 546ms (cache miss)
121 http fetch GET 200 https://registry.npmjs.org/json-stringify-safe 545ms (cache miss)
122 http fetch GET 200 https://registry.npmjs.org/require-directory 522ms (cache miss)
123 http fetch GET 200 https://registry.npmjs.org/tunnel-agent 553ms (cache miss)
124 http fetch GET 200 https://registry.npmjs.org/http-signature 571ms (cache miss)
125 http fetch GET 200 https://registry.npmjs.org/uuid 566ms (cache revalidated)
126 http fetch GET 200 https://registry.npmjs.org/oauth-sign 579ms (cache miss)
127 http fetch GET 200 https://registry.npmjs.org/string-width 554ms (cache miss)
128 http fetch GET 200 https://registry.npmjs.org/get-caller-file 560ms (cache miss)
129 http fetch GET 200 https://registry.npmjs.org/yargs-parser 550ms (cache revalidated)
130 http fetch GET 200 https://registry.npmjs.org/crc-32 578ms (cache revalidated)
131 http fetch GET 200 https://registry.npmjs.org/commander 580ms (cache revalidated)
132 http fetch GET 200 https://registry.npmjs.org/is-typedarray 606ms (cache miss)
133 http fetch GET 200 https://registry.npmjs.org/isstream 608ms (cache miss)
134 http fetch GET 200 https://registry.npmjs.org/y18n 577ms (cache miss)
135 http fetch GET 200 https://registry.npmjs.org/cliui 630ms (cache miss)
136 http fetch GET 200 https://registry.npmjs.org/form-data 678ms (cache miss)
137 http fetch GET 200 https://registry.npmjs.org/tough-cookie 668ms (cache miss)
138 http fetch GET 200 https://registry.npmjs.org/codepage 667ms (cache revalidated)
139 http fetch GET 200 https://registry.npmjs.org/har-validator 701ms (cache miss)
140 http fetch GET 200 https://registry.npmjs.org/adler-32 687ms (cache revalidated)
141 http fetch GET 200 https://registry.npmjs.org/mime-types 707ms (cache miss)
142 http fetch GET 200 https://registry.npmjs.org/cfb 703ms (cache revalidated)
143 http fetch GET 200 https://registry.npmjs.org/ssf 704ms (cache revalidated)
144 http fetch GET 200 https://registry.npmjs.org/word 705ms (cache revalidated)
145 http fetch GET 200 https://registry.npmjs.org/exit-on-epipe 715ms (cache revalidated)
146 http fetch GET 200 https://registry.npmjs.org/qs 740ms (cache miss)
147 http fetch GET 200 https://registry.npmjs.org/wmf 1225ms (cache revalidated)
148 timing idealTree:node_modules/alasql Completed in 1322ms
149 timing idealTree:node_modules/dom-storage Completed in 1ms
150 timing idealTree:node_modules/es6-promise Completed in 0ms
151 silly placeDep ROOT graceful-fs@4.2.10 OK for: fs-extra@8.1.0 want: ^4.2.0
152 silly placeDep ROOT jsonfile@4.0.0 OK for: fs-extra@8.1.0 want: ^4.0.0
153 silly placeDep ROOT universalify@0.1.2 OK for: fs-extra@8.1.0 want: ^0.1.0
154 timing idealTree:node_modules/fs-extra Completed in 8ms
155 timing idealTree:node_modules/graceful-fs Completed in 1ms
156 timing idealTree:node_modules/jsonfile Completed in 0ms
157 timing idealTree:node_modules/lodash Completed in 0ms
158 silly placeDep ROOT aws-sign2@0.7.0 OK for: request@2.88.2 want: ~0.7.0
159 silly placeDep ROOT aws4@1.11.0 OK for: request@2.88.2 want: ^1.8.0
160 silly placeDep ROOT caseless@0.12.0 OK for: request@2.88.2 want: ~0.12.0
161 silly placeDep ROOT combined-stream@1.0.8 OK for: request@2.88.2 want: ~1.0.6
162 silly placeDep ROOT extend@3.0.2 OK for: request@2.88.2 want: ~3.0.2
163 silly placeDep ROOT forever-agent@0.6.1 OK for: request@2.88.2 want: ~0.6.1
164 silly placeDep ROOT form-data@2.3.3 OK for: request@2.88.2 want: ~2.3.2
165 silly placeDep ROOT har-validator@5.1.5 OK for: request@2.88.2 want: ~5.1.3
166 silly placeDep ROOT http-signature@1.2.0 OK for: request@2.88.2 want: ~1.2.0
167 silly placeDep ROOT is-typedarray@1.0.0 OK for: request@2.88.2 want: ~1.0.0
168 silly placeDep ROOT isstream@0.1.2 OK for: request@2.88.2 want: ~0.1.2
169 silly placeDep ROOT json-stringify-safe@5.0.1 OK for: request@2.88.2 want: ~5.0.1
170 silly placeDep ROOT mime-types@2.1.35 OK for: request@2.88.2 want: ~2.1.19
171 silly placeDep ROOT oauth-sign@0.9.0 OK for: request@2.88.2 want: ~0.9.0
172 silly placeDep ROOT performance-now@2.1.0 OK for: request@2.88.2 want: ^2.1.0
173 silly placeDep ROOT qs@6.5.3 OK for: request@2.88.2 want: ~6.5.2
174 silly placeDep ROOT safe-buffer@5.2.1 OK for: request@2.88.2 want: ^5.1.2
175 silly placeDep ROOT tough-cookie@2.5.0 OK for: request@2.88.2 want: ~2.5.0
176 silly placeDep ROOT tunnel-agent@0.6.0 OK for: request@2.88.2 want: ^0.6.0
177 silly placeDep ROOT uuid@3.4.0 OK for: request@2.88.2 want: ^3.3.2
178 silly fetch manifest delayed-stream@~1.0.0
179 silly fetch manifest asynckit@^0.4.0
180 silly fetch manifest ajv@^6.12.3
181 silly fetch manifest har-schema@^2.0.0
182 silly fetch manifest assert-plus@^1.0.0
183 silly fetch manifest jsprim@^1.2.2
184 silly fetch manifest sshpk@^1.7.0
185 silly fetch manifest mime-db@1.52.0
186 silly fetch manifest psl@^1.1.28
187 silly fetch manifest punycode@^2.1.1
188 http fetch GET 200 https://registry.npmjs.org/delayed-stream 222ms (cache miss)
189 http fetch GET 200 https://registry.npmjs.org/assert-plus 214ms (cache miss)
190 http fetch GET 200 https://registry.npmjs.org/asynckit 252ms (cache miss)
191 http fetch GET 200 https://registry.npmjs.org/psl 237ms (cache miss)
192 http fetch GET 200 https://registry.npmjs.org/punycode 268ms (cache miss)
193 http fetch GET 200 https://registry.npmjs.org/jsprim 279ms (cache miss)
194 http fetch GET 200 https://registry.npmjs.org/mime-db 275ms (cache miss)
195 http fetch GET 200 https://registry.npmjs.org/sshpk 293ms (cache miss)
196 http fetch GET 200 https://registry.npmjs.org/ajv 340ms (cache miss)
197 http fetch GET 200 https://registry.npmjs.org/har-schema 852ms (cache miss)
198 timing idealTree:node_modules/request Completed in 895ms
199 timing idealTree:node_modules/aws-sign2 Completed in 0ms
200 timing idealTree:node_modules/aws4 Completed in 0ms
201 timing idealTree:node_modules/caseless Completed in 0ms
202 silly placeDep ROOT delayed-stream@1.0.0 OK for: combined-stream@1.0.8 want: ~1.0.0
203 timing idealTree:node_modules/combined-stream Completed in 3ms
204 timing idealTree:node_modules/delayed-stream Completed in 0ms
205 timing idealTree:node_modules/extend Completed in 0ms
206 timing idealTree:node_modules/forever-agent Completed in 0ms
207 silly placeDep ROOT asynckit@0.4.0 OK for: form-data@2.3.3 want: ^0.4.0
208 timing idealTree:node_modules/form-data Completed in 2ms
209 timing idealTree:node_modules/asynckit Completed in 0ms
210 silly placeDep ROOT ajv@6.12.6 OK for: har-validator@5.1.5 want: ^6.12.3
211 silly placeDep ROOT har-schema@2.0.0 OK for: har-validator@5.1.5 want: ^2.0.0
212 silly fetch manifest fast-deep-equal@^3.1.1
213 silly fetch manifest fast-json-stable-stringify@^2.0.0
214 silly fetch manifest json-schema-traverse@^0.4.1
215 silly fetch manifest uri-js@^4.2.2
216 http fetch GET 200 https://registry.npmjs.org/fast-json-stable-stringify 83ms (cache miss)
217 http fetch GET 200 https://registry.npmjs.org/uri-js 85ms (cache miss)
218 http fetch GET 200 https://registry.npmjs.org/json-schema-traverse 90ms (cache miss)
219 http fetch GET 200 https://registry.npmjs.org/fast-deep-equal 103ms (cache miss)
220 timing idealTree:node_modules/har-validator Completed in 107ms
221 silly placeDep ROOT fast-deep-equal@3.1.3 OK for: ajv@6.12.6 want: ^3.1.1
222 silly placeDep ROOT fast-json-stable-stringify@2.1.0 OK for: ajv@6.12.6 want: ^2.0.0
223 silly placeDep ROOT json-schema-traverse@0.4.1 OK for: ajv@6.12.6 want: ^0.4.1
224 silly placeDep ROOT uri-js@4.4.1 OK for: ajv@6.12.6 want: ^4.2.2
225 silly fetch manifest punycode@^2.1.0
226 timing idealTree:node_modules/ajv Completed in 6ms
227 timing idealTree:node_modules/fast-deep-equal Completed in 0ms
228 timing idealTree:node_modules/fast-json-stable-stringify Completed in 0ms
229 timing idealTree:node_modules/har-schema Completed in 0ms
230 silly placeDep ROOT assert-plus@1.0.0 OK for: http-signature@1.2.0 want: ^1.0.0
231 silly placeDep ROOT jsprim@1.4.2 OK for: http-signature@1.2.0 want: ^1.2.2
232 silly placeDep ROOT sshpk@1.17.0 OK for: http-signature@1.2.0 want: ^1.7.0
233 silly fetch manifest extsprintf@1.3.0
234 silly fetch manifest json-schema@0.4.0
235 silly fetch manifest verror@1.10.0
236 silly fetch manifest asn1@~0.2.3
237 silly fetch manifest dashdash@^1.12.0
238 silly fetch manifest getpass@^0.1.1
239 silly fetch manifest safer-buffer@^2.0.2
240 silly fetch manifest jsbn@~0.1.0
241 silly fetch manifest tweetnacl@~0.14.0
242 silly fetch manifest ecc-jsbn@~0.1.1
243 silly fetch manifest bcrypt-pbkdf@^1.0.0
244 http fetch GET 200 https://registry.npmjs.org/jsbn 173ms (cache miss)
245 http fetch GET 200 https://registry.npmjs.org/tweetnacl 175ms (cache miss)
246 http fetch GET 200 https://registry.npmjs.org/bcrypt-pbkdf 179ms (cache miss)
247 http fetch GET 200 https://registry.npmjs.org/json-schema 200ms (cache miss)
248 http fetch GET 200 https://registry.npmjs.org/extsprintf 206ms (cache miss)
249 http fetch GET 200 https://registry.npmjs.org/safer-buffer 193ms (cache miss)
250 http fetch GET 200 https://registry.npmjs.org/getpass 198ms (cache miss)
251 http fetch GET 200 https://registry.npmjs.org/ecc-jsbn 199ms (cache miss)
252 http fetch GET 200 https://registry.npmjs.org/verror 218ms (cache miss)
253 http fetch GET 200 https://registry.npmjs.org/asn1 218ms (cache miss)
254 http fetch GET 200 https://registry.npmjs.org/dashdash 230ms (cache miss)
255 timing idealTree:node_modules/http-signature Completed in 250ms
256 timing idealTree:node_modules/assert-plus Completed in 0ms
257 timing idealTree:node_modules/is-typedarray Completed in 1ms
258 timing idealTree:node_modules/isstream Completed in 0ms
259 timing idealTree:node_modules/json-schema-traverse Completed in 0ms
260 timing idealTree:node_modules/json-stringify-safe Completed in 0ms
261 silly placeDep ROOT extsprintf@1.3.0 OK for: jsprim@1.4.2 want: 1.3.0
262 silly placeDep ROOT json-schema@0.4.0 OK for: jsprim@1.4.2 want: 0.4.0
263 silly placeDep ROOT verror@1.10.0 OK for: jsprim@1.4.2 want: 1.10.0
264 silly fetch manifest core-util-is@1.0.2
265 http fetch GET 200 https://registry.npmjs.org/core-util-is 88ms (cache miss)
266 timing idealTree:node_modules/jsprim Completed in 96ms
267 timing idealTree:node_modules/extsprintf Completed in 0ms
268 timing idealTree:node_modules/json-schema Completed in 0ms
269 silly placeDep ROOT mime-db@1.52.0 OK for: mime-types@2.1.35 want: 1.52.0
270 timing idealTree:node_modules/mime-types Completed in 2ms
271 timing idealTree:node_modules/mime-db Completed in 0ms
272 timing idealTree:node_modules/oauth-sign Completed in 0ms
273 timing idealTree:node_modules/performance-now Completed in 0ms
274 timing idealTree:node_modules/qs Completed in 0ms
275 timing idealTree:node_modules/safe-buffer Completed in 0ms
276 silly placeDep ROOT asn1@0.2.6 OK for: sshpk@1.17.0 want: ~0.2.3
277 silly placeDep ROOT bcrypt-pbkdf@1.0.2 OK for: sshpk@1.17.0 want: ^1.0.0
278 silly placeDep ROOT dashdash@1.14.1 OK for: sshpk@1.17.0 want: ^1.12.0
279 silly placeDep ROOT ecc-jsbn@0.1.2 OK for: sshpk@1.17.0 want: ~0.1.1
280 silly placeDep ROOT getpass@0.1.7 OK for: sshpk@1.17.0 want: ^0.1.1
281 silly placeDep ROOT jsbn@0.1.1 OK for: sshpk@1.17.0 want: ~0.1.0
282 silly placeDep ROOT safer-buffer@2.1.2 OK for: sshpk@1.17.0 want: ^2.0.2
283 silly placeDep ROOT tweetnacl@0.14.5 OK for: sshpk@1.17.0 want: ~0.14.0
284 timing idealTree:node_modules/sshpk Completed in 16ms
285 timing idealTree:node_modules/asn1 Completed in 0ms
286 timing idealTree:node_modules/bcrypt-pbkdf Completed in 0ms
287 timing idealTree:node_modules/dashdash Completed in 0ms
288 timing idealTree:node_modules/ecc-jsbn Completed in 0ms
289 timing idealTree:node_modules/getpass Completed in 0ms
290 timing idealTree:node_modules/jsbn Completed in 0ms
291 timing idealTree:node_modules/safer-buffer Completed in 0ms
292 silly placeDep ROOT psl@1.9.0 OK for: tough-cookie@2.5.0 want: ^1.1.28
293 silly placeDep ROOT punycode@2.1.1 OK for: tough-cookie@2.5.0 want: ^2.1.1
294 timing idealTree:node_modules/tough-cookie Completed in 8ms
295 timing idealTree:node_modules/psl Completed in 0ms
296 timing idealTree:node_modules/punycode Completed in 0ms
297 timing idealTree:node_modules/tunnel-agent Completed in 0ms
298 timing idealTree:node_modules/tweetnacl Completed in 0ms
299 timing idealTree:node_modules/universalify Completed in 0ms
300 timing idealTree:node_modules/uri-js Completed in 0ms
301 timing idealTree:node_modules/uuid Completed in 0ms
302 silly placeDep ROOT core-util-is@1.0.2 OK for: verror@1.10.0 want: 1.0.2
303 timing idealTree:node_modules/verror Completed in 4ms
304 timing idealTree:node_modules/core-util-is Completed in 0ms
305 silly placeDep ROOT adler-32@1.2.0 OK for: xlsx@0.16.8 want: ~1.2.0
306 silly placeDep ROOT cfb@1.2.2 OK for: xlsx@0.16.8 want: ^1.1.4
307 silly placeDep ROOT codepage@1.14.0 OK for: xlsx@0.16.8 want: ~1.14.0
308 silly placeDep ROOT commander@2.17.1 OK for: xlsx@0.16.8 want: ~2.17.1
309 silly placeDep ROOT crc-32@1.2.2 OK for: xlsx@0.16.8 want: ~1.2.0
310 silly placeDep ROOT exit-on-epipe@1.0.1 OK for: xlsx@0.16.8 want: ~1.0.1
311 silly placeDep ROOT ssf@0.11.2 OK for: xlsx@0.16.8 want: ~0.11.2
312 silly placeDep ROOT wmf@1.0.2 OK for: xlsx@0.16.8 want: ~1.0.1
313 silly placeDep ROOT word@0.3.0 OK for: xlsx@0.16.8 want: ~0.3.0
314 silly fetch manifest printj@~1.1.0
315 silly fetch manifest adler-32@~1.3.0
316 silly fetch manifest commander@~2.14.1
317 silly fetch manifest frac@~1.1.2
318 http fetch GET 200 https://registry.npmjs.org/frac 295ms (cache revalidated)
319 http fetch GET 200 https://registry.npmjs.org/printj 886ms (cache revalidated)
320 timing idealTree:node_modules/xlsx Completed in 908ms
321 silly placeDep ROOT printj@1.1.2 OK for: adler-32@1.2.0 want: ~1.1.0
322 timing idealTree:node_modules/adler-32 Completed in 1ms
323 silly placeDep node_modules/cfb adler-32@1.3.1 OK for: cfb@1.2.2 want: ~1.3.0
324 timing idealTree:node_modules/cfb Completed in 3ms
325 silly placeDep node_modules/codepage commander@2.14.1 OK for: codepage@1.14.0 want: ~2.14.1
326 timing idealTree:node_modules/codepage Completed in 2ms
327 timing idealTree:node_modules/commander Completed in 0ms
328 timing idealTree:node_modules/crc-32 Completed in 0ms
329 timing idealTree:node_modules/exit-on-epipe Completed in 0ms
330 timing idealTree:node_modules/printj Completed in 0ms
331 silly placeDep ROOT frac@1.1.2 OK for: ssf@0.11.2 want: ~1.1.2
332 timing idealTree:node_modules/ssf Completed in 1ms
333 timing idealTree:node_modules/frac Completed in 0ms
334 timing idealTree:node_modules/wmf Completed in 0ms
335 timing idealTree:node_modules/word Completed in 0ms
336 silly placeDep ROOT cliui@7.0.4 OK for: yargs@16.1.0 want: ^7.0.2
337 silly placeDep ROOT escalade@3.1.1 OK for: yargs@16.1.0 want: ^3.1.1
338 silly placeDep ROOT get-caller-file@2.0.5 OK for: yargs@16.1.0 want: ^2.0.5
339 silly placeDep ROOT require-directory@2.1.1 OK for: yargs@16.1.0 want: ^2.1.1
340 silly placeDep ROOT string-width@4.2.3 OK for: yargs@16.1.0 want: ^4.2.0
341 silly placeDep ROOT y18n@5.0.8 OK for: yargs@16.1.0 want: ^5.0.2
342 silly placeDep ROOT yargs-parser@20.2.9 OK for: yargs@16.1.0 want: ^20.2.2
343 silly fetch manifest strip-ansi@^6.0.0
344 silly fetch manifest wrap-ansi@^7.0.0
345 silly fetch manifest emoji-regex@^8.0.0
346 silly fetch manifest is-fullwidth-code-point@^3.0.0
347 silly fetch manifest strip-ansi@^6.0.1
348 http fetch GET 200 https://registry.npmjs.org/strip-ansi 85ms (cache revalidated)
349 http fetch GET 200 https://registry.npmjs.org/strip-ansi 99ms (cache revalidated)
350 http fetch GET 200 https://registry.npmjs.org/emoji-regex 97ms (cache miss)
351 http fetch GET 200 https://registry.npmjs.org/wrap-ansi 105ms (cache miss)
352 http fetch GET 200 https://registry.npmjs.org/is-fullwidth-code-point 126ms (cache miss)
353 timing idealTree:node_modules/yargs Completed in 148ms
354 silly placeDep ROOT strip-ansi@6.0.1 OK for: cliui@7.0.4 want: ^6.0.0
355 silly placeDep ROOT wrap-ansi@7.0.0 OK for: cliui@7.0.4 want: ^7.0.0
356 silly fetch manifest ansi-regex@^5.0.1
357 silly fetch manifest ansi-styles@^4.0.0
358 http fetch GET 200 https://registry.npmjs.org/ansi-regex 103ms (cache revalidated)
359 http fetch GET 200 https://registry.npmjs.org/ansi-styles 102ms (cache miss)
360 timing idealTree:node_modules/cliui Completed in 113ms
361 timing idealTree:node_modules/escalade Completed in 0ms
362 timing idealTree:node_modules/get-caller-file Completed in 1ms
363 timing idealTree:node_modules/require-directory Completed in 0ms
364 silly placeDep ROOT emoji-regex@8.0.0 OK for: string-width@4.2.3 want: ^8.0.0
365 silly placeDep ROOT is-fullwidth-code-point@3.0.0 OK for: string-width@4.2.3 want: ^3.0.0
366 timing idealTree:node_modules/string-width Completed in 5ms
367 timing idealTree:node_modules/emoji-regex Completed in 0ms
368 timing idealTree:node_modules/is-fullwidth-code-point Completed in 0ms
369 silly placeDep ROOT ansi-regex@5.0.1 OK for: strip-ansi@6.0.1 want: ^5.0.1
370 timing idealTree:node_modules/strip-ansi Completed in 2ms
371 timing idealTree:node_modules/ansi-regex Completed in 0ms
372 silly placeDep ROOT ansi-styles@4.3.0 OK for: wrap-ansi@7.0.0 want: ^4.0.0
373 silly fetch manifest color-convert@^2.0.1
374 http fetch GET 200 https://registry.npmjs.org/color-convert 87ms (cache miss)
375 timing idealTree:node_modules/wrap-ansi Completed in 91ms
376 silly placeDep ROOT color-convert@2.0.1 OK for: ansi-styles@4.3.0 want: ^2.0.1
377 silly fetch manifest color-name@~1.1.4
378 http fetch GET 200 https://registry.npmjs.org/color-name 108ms (cache miss)
379 timing idealTree:node_modules/ansi-styles Completed in 113ms
380 silly placeDep ROOT color-name@1.1.4 OK for: color-convert@2.0.1 want: ~1.1.4
381 timing idealTree:node_modules/color-convert Completed in 1ms
382 timing idealTree:node_modules/color-name Completed in 0ms
383 timing idealTree:node_modules/y18n Completed in 0ms
384 timing idealTree:node_modules/yargs-parser Completed in 0ms
385 timing idealTree:node_modules/cfb/node_modules/adler-32 Completed in 0ms
386 timing idealTree:node_modules/codepage/node_modules/commander Completed in 0ms
387 timing idealTree:buildDeps Completed in 6810ms
388 timing idealTree:fixDepFlags Completed in 2ms
389 timing idealTree Completed in 6844ms
390 timing reify:loadTrees Completed in 6845ms
391 timing reify:diffTrees Completed in 7ms
392 silly reify moves {}
393 timing reify:retireShallow Completed in 3ms
394 timing reify:createSparse Completed in 155ms
395 timing reify:trashOmits Completed in 0ms
396 timing reify:loadBundles Completed in 0ms
397 silly tarball no local data for ansi-regex@https://registry.npmjs.org/ansi-regex/-/ansi-regex-5.0.1.tgz. Extracting by manifest.
398 silly tarball no local data for color-name@https://registry.npmjs.org/color-name/-/color-name-1.1.4.tgz. Extracting by manifest.
399 silly tarball no local data for is-fullwidth-code-point@https://registry.npmjs.org/is-fullwidth-code-point/-/is-fullwidth-code-point-3.0.0.tgz. Extracting by manifest.
400 silly tarball no local data for ansi-styles@https://registry.npmjs.org/ansi-styles/-/ansi-styles-4.3.0.tgz. Extracting by manifest.
401 silly tarball no local data for emoji-regex@https://registry.npmjs.org/emoji-regex/-/emoji-regex-8.0.0.tgz. Extracting by manifest.
402 silly tarball no local data for color-convert@https://registry.npmjs.org/color-convert/-/color-convert-2.0.1.tgz. Extracting by manifest.
403 silly tarball no local data for strip-ansi@https://registry.npmjs.org/strip-ansi/-/strip-ansi-6.0.1.tgz. Extracting by manifest.
404 silly tarball no local data for wrap-ansi@https://registry.npmjs.org/wrap-ansi/-/wrap-ansi-7.0.0.tgz. Extracting by manifest.
405 silly tarball no local data for yargs-parser@https://registry.npmjs.org/yargs-parser/-/yargs-parser-20.2.9.tgz. Extracting by manifest.
406 silly tarball no local data for y18n@https://registry.npmjs.org/y18n/-/y18n-5.0.8.tgz. Extracting by manifest.
407 silly tarball no local data for require-directory@https://registry.npmjs.org/require-directory/-/require-directory-2.1.1.tgz. Extracting by manifest.
408 silly tarball no local data for escalade@https://registry.npmjs.org/escalade/-/escalade-3.1.1.tgz. Extracting by manifest.
409 silly tarball no local data for get-caller-file@https://registry.npmjs.org/get-caller-file/-/get-caller-file-2.0.5.tgz. Extracting by manifest.
410 silly tarball no local data for cliui@https://registry.npmjs.org/cliui/-/cliui-7.0.4.tgz. Extracting by manifest.
411 silly tarball no local data for string-width@https://registry.npmjs.org/string-width/-/string-width-4.2.3.tgz. Extracting by manifest.
412 silly tarball no local data for commander@https://registry.npmjs.org/commander/-/commander-2.17.1.tgz. Extracting by manifest.
413 silly tarball no local data for codepage@https://registry.npmjs.org/codepage/-/codepage-1.14.0.tgz. Extracting by manifest.
414 silly tarball no local data for core-util-is@https://registry.npmjs.org/core-util-is/-/core-util-is-1.0.2.tgz. Extracting by manifest.
415 silly tarball no local data for punycode@https://registry.npmjs.org/punycode/-/punycode-2.1.1.tgz. Extracting by manifest.
416 silly tarball no local data for tweetnacl@https://registry.npmjs.org/tweetnacl/-/tweetnacl-0.14.5.tgz. Extracting by manifest.
417 silly tarball no local data for jsbn@https://registry.npmjs.org/jsbn/-/jsbn-0.1.1.tgz. Extracting by manifest.
418 silly tarball no local data for psl@https://registry.npmjs.org/psl/-/psl-1.9.0.tgz. Extracting by manifest.
419 silly tarball no local data for bcrypt-pbkdf@https://registry.npmjs.org/bcrypt-pbkdf/-/bcrypt-pbkdf-1.0.2.tgz. Extracting by manifest.
420 silly tarball no local data for safer-buffer@https://registry.npmjs.org/safer-buffer/-/safer-buffer-2.1.2.tgz. Extracting by manifest.
421 silly tarball no local data for ecc-jsbn@https://registry.npmjs.org/ecc-jsbn/-/ecc-jsbn-0.1.2.tgz. Extracting by manifest.
422 silly tarball no local data for getpass@https://registry.npmjs.org/getpass/-/getpass-0.1.7.tgz. Extracting by manifest.
423 silly tarball no local data for asn1@https://registry.npmjs.org/asn1/-/asn1-0.2.6.tgz. Extracting by manifest.
424 silly tarball no local data for verror@https://registry.npmjs.org/verror/-/verror-1.10.0.tgz. Extracting by manifest.
425 silly tarball no local data for json-schema@https://registry.npmjs.org/json-schema/-/json-schema-0.4.0.tgz. Extracting by manifest.
426 silly tarball no local data for dashdash@https://registry.npmjs.org/dashdash/-/dashdash-1.14.1.tgz. Extracting by manifest.
427 silly tarball no local data for mime-db@https://registry.npmjs.org/mime-db/-/mime-db-1.52.0.tgz. Extracting by manifest.
428 silly tarball no local data for sshpk@https://registry.npmjs.org/sshpk/-/sshpk-1.17.0.tgz. Extracting by manifest.
429 silly tarball no local data for extsprintf@https://registry.npmjs.org/extsprintf/-/extsprintf-1.3.0.tgz. Extracting by manifest.
430 silly tarball no local data for uri-js@https://registry.npmjs.org/uri-js/-/uri-js-4.4.1.tgz. Extracting by manifest.
431 silly tarball no local data for jsprim@https://registry.npmjs.org/jsprim/-/jsprim-1.4.2.tgz. Extracting by manifest.
432 silly tarball no local data for fast-json-stable-stringify@https://registry.npmjs.org/fast-json-stable-stringify/-/fast-json-stable-stringify-2.1.0.tgz. Extracting by manifest.
433 silly tarball no local data for json-schema-traverse@https://registry.npmjs.org/json-schema-traverse/-/json-schema-traverse-0.4.1.tgz. Extracting by manifest.
434 silly tarball no local data for assert-plus@https://registry.npmjs.org/assert-plus/-/assert-plus-1.0.0.tgz. Extracting by manifest.
435 silly tarball no local data for ajv@https://registry.npmjs.org/ajv/-/ajv-6.12.6.tgz. Extracting by manifest.
436 silly tarball no local data for fast-deep-equal@https://registry.npmjs.org/fast-deep-equal/-/fast-deep-equal-3.1.3.tgz. Extracting by manifest.
437 silly tarball no local data for delayed-stream@https://registry.npmjs.org/delayed-stream/-/delayed-stream-1.0.0.tgz. Extracting by manifest.
438 silly tarball no local data for tunnel-agent@https://registry.npmjs.org/tunnel-agent/-/tunnel-agent-0.6.0.tgz. Extracting by manifest.
439 silly tarball no local data for tough-cookie@https://registry.npmjs.org/tough-cookie/-/tough-cookie-2.5.0.tgz. Extracting by manifest.
440 silly tarball no local data for uuid@https://registry.npmjs.org/uuid/-/uuid-3.4.0.tgz. Extracting by manifest.
441 silly tarball no local data for har-schema@https://registry.npmjs.org/har-schema/-/har-schema-2.0.0.tgz. Extracting by manifest.
442 silly tarball no local data for asynckit@https://registry.npmjs.org/asynckit/-/asynckit-0.4.0.tgz. Extracting by manifest.
443 silly tarball no local data for qs@https://registry.npmjs.org/qs/-/qs-6.5.3.tgz. Extracting by manifest.
444 silly tarball no local data for oauth-sign@https://registry.npmjs.org/oauth-sign/-/oauth-sign-0.9.0.tgz. Extracting by manifest.
445 silly tarball no local data for safe-buffer@https://registry.npmjs.org/safe-buffer/-/safe-buffer-5.2.1.tgz. Extracting by manifest.
446 silly tarball no local data for performance-now@https://registry.npmjs.org/performance-now/-/performance-now-2.1.0.tgz. Extracting by manifest.
447 silly tarball no local data for mime-types@https://registry.npmjs.org/mime-types/-/mime-types-2.1.35.tgz. Extracting by manifest.
448 silly tarball no local data for json-stringify-safe@https://registry.npmjs.org/json-stringify-safe/-/json-stringify-safe-5.0.1.tgz. Extracting by manifest.
449 silly tarball no local data for is-typedarray@https://registry.npmjs.org/is-typedarray/-/is-typedarray-1.0.0.tgz. Extracting by manifest.
450 silly tarball no local data for har-validator@https://registry.npmjs.org/har-validator/-/har-validator-5.1.5.tgz. Extracting by manifest.
451 silly tarball no local data for isstream@https://registry.npmjs.org/isstream/-/isstream-0.1.2.tgz. Extracting by manifest.
452 silly tarball no local data for form-data@https://registry.npmjs.org/form-data/-/form-data-2.3.3.tgz. Extracting by manifest.
453 silly tarball no local data for forever-agent@https://registry.npmjs.org/forever-agent/-/forever-agent-0.6.1.tgz. Extracting by manifest.
454 silly tarball no local data for extend@https://registry.npmjs.org/extend/-/extend-3.0.2.tgz. Extracting by manifest.
455 silly tarball no local data for http-signature@https://registry.npmjs.org/http-signature/-/http-signature-1.2.0.tgz. Extracting by manifest.
456 silly tarball no local data for aws4@https://registry.npmjs.org/aws4/-/aws4-1.11.0.tgz. Extracting by manifest.
457 silly tarball no local data for combined-stream@https://registry.npmjs.org/combined-stream/-/combined-stream-1.0.8.tgz. Extracting by manifest.
458 silly tarball no local data for aws-sign2@https://registry.npmjs.org/aws-sign2/-/aws-sign2-0.7.0.tgz. Extracting by manifest.
459 silly tarball no local data for universalify@https://registry.npmjs.org/universalify/-/universalify-0.1.2.tgz. Extracting by manifest.
460 silly tarball no local data for jsonfile@https://registry.npmjs.org/jsonfile/-/jsonfile-4.0.0.tgz. Extracting by manifest.
461 silly tarball no local data for xlsx@https://registry.npmjs.org/xlsx/-/xlsx-0.16.8.tgz. Extracting by manifest.
462 silly tarball no local data for graceful-fs@https://registry.npmjs.org/graceful-fs/-/graceful-fs-4.2.10.tgz. Extracting by manifest.
463 silly tarball no local data for yargs@https://registry.npmjs.org/yargs/-/yargs-16.1.0.tgz. Extracting by manifest.
464 silly tarball no local data for lodash@https://registry.npmjs.org/lodash/-/lodash-4.17.20.tgz. Extracting by manifest.
465 silly tarball no local data for es6-promise@https://registry.npmjs.org/es6-promise/-/es6-promise-4.2.8.tgz. Extracting by manifest.
466 silly tarball no local data for caseless@https://registry.npmjs.org/caseless/-/caseless-0.12.0.tgz. Extracting by manifest.
467 silly tarball no local data for dom-storage@https://registry.npmjs.org/dom-storage/-/dom-storage-2.1.0.tgz. Extracting by manifest.
468 silly tarball no local data for fs-extra@https://registry.npmjs.org/fs-extra/-/fs-extra-8.1.0.tgz. Extracting by manifest.
469 silly tarball no local data for request@https://registry.npmjs.org/request/-/request-2.88.2.tgz. Extracting by manifest.
470 silly tarball no local data for node-red-contrib-alasql@https://registry.npmjs.org/node-red-contrib-alasql/-/node-red-contrib-alasql-2.0.1.tgz. Extracting by manifest.
471 silly tarball no local data for alasql@https://registry.npmjs.org/alasql/-/alasql-0.6.7.tgz. Extracting by manifest.
472 timing reifyNode:node_modules/exit-on-epipe Completed in 1685ms
473 timing reifyNode:node_modules/word Completed in 2100ms
474 timing reifyNode:node_modules/cfb/node_modules/adler-32 Completed in 2656ms
475 timing reifyNode:node_modules/adler-32 Completed in 2672ms
476 timing reifyNode:node_modules/codepage/node_modules/commander Completed in 2928ms
477 http fetch GET 200 https://registry.npmjs.org/ansi-regex/-/ansi-regex-5.0.1.tgz 2705ms (cache miss)
478 timing reifyNode:node_modules/ansi-regex Completed in 2960ms
479 http fetch GET 200 https://registry.npmjs.org/color-name/-/color-name-1.1.4.tgz 2712ms (cache miss)
480 timing reifyNode:node_modules/color-name Completed in 2978ms
481 http fetch GET 200 https://registry.npmjs.org/wrap-ansi/-/wrap-ansi-7.0.0.tgz 2666ms (cache miss)
482 timing reifyNode:node_modules/wrap-ansi Completed in 2984ms
483 http fetch GET 200 https://registry.npmjs.org/strip-ansi/-/strip-ansi-6.0.1.tgz 2687ms (cache miss)
484 timing reifyNode:node_modules/strip-ansi Completed in 2998ms
485 timing reifyNode:node_modules/crc-32 Completed in 3057ms
486 http fetch GET 200 https://registry.npmjs.org/y18n/-/y18n-5.0.8.tgz 2767ms (cache miss)
487 http fetch GET 200 https://registry.npmjs.org/core-util-is/-/core-util-is-1.0.2.tgz 2748ms (cache miss)
488 timing reifyNode:node_modules/core-util-is Completed in 3143ms
489 timing reifyNode:node_modules/frac Completed in 3161ms
490 timing reifyNode:node_modules/y18n Completed in 3185ms
491 http fetch GET 200 https://registry.npmjs.org/color-convert/-/color-convert-2.0.1.tgz 2887ms (cache miss)
492 timing reifyNode:node_modules/color-convert Completed in 3200ms
493 http fetch GET 200 https://registry.npmjs.org/getpass/-/getpass-0.1.7.tgz 2784ms (cache miss)
494 timing reifyNode:node_modules/getpass Completed in 3240ms
495 http fetch GET 200 https://registry.npmjs.org/safer-buffer/-/safer-buffer-2.1.2.tgz 2821ms (cache miss)
496 timing reifyNode:node_modules/safer-buffer Completed in 3255ms
497 timing reifyNode:node_modules/ssf Completed in 3258ms
498 http fetch GET 200 https://registry.npmjs.org/is-fullwidth-code-point/-/is-fullwidth-code-point-3.0.0.tgz 2997ms (cache miss)
499 timing reifyNode:node_modules/is-fullwidth-code-point Completed in 3274ms
500 http fetch GET 200 https://registry.npmjs.org/string-width/-/string-width-4.2.3.tgz 3053ms (cache miss)
501 timing reifyNode:node_modules/string-width Completed in 3422ms
502 http fetch GET 200 https://registry.npmjs.org/get-caller-file/-/get-caller-file-2.0.5.tgz 3083ms (cache miss)
503 timing reifyNode:node_modules/get-caller-file Completed in 3442ms
504 http fetch GET 200 https://registry.npmjs.org/assert-plus/-/assert-plus-1.0.0.tgz 2918ms (cache miss)
505 timing reifyNode:node_modules/assert-plus Completed in 3456ms
506 http fetch GET 200 https://registry.npmjs.org/jsprim/-/jsprim-1.4.2.tgz 2954ms (cache miss)
507 timing reifyNode:node_modules/jsprim Completed in 3475ms
508 http fetch GET 200 https://registry.npmjs.org/fast-deep-equal/-/fast-deep-equal-3.1.3.tgz 2928ms (cache miss)
509 http fetch GET 200 https://registry.npmjs.org/ansi-styles/-/ansi-styles-4.3.0.tgz 3212ms (cache miss)
510 timing reifyNode:node_modules/ansi-styles Completed in 3502ms
511 http fetch GET 200 https://registry.npmjs.org/har-schema/-/har-schema-2.0.0.tgz 2935ms (cache miss)
512 http fetch GET 200 https://registry.npmjs.org/punycode/-/punycode-2.1.1.tgz 3133ms (cache miss)
513 timing reifyNode:node_modules/punycode Completed in 3538ms
514 http fetch GET 200 https://registry.npmjs.org/asn1/-/asn1-0.2.6.tgz 3086ms (cache miss)
515 http fetch GET 200 https://registry.npmjs.org/performance-now/-/performance-now-2.1.0.tgz 2943ms (cache miss)
516 http fetch GET 200 https://registry.npmjs.org/mime-types/-/mime-types-2.1.35.tgz 2952ms (cache miss)
517 timing reifyNode:node_modules/mime-types Completed in 3577ms
518 http fetch GET 200 https://registry.npmjs.org/json-schema-traverse/-/json-schema-traverse-0.4.1.tgz 3078ms (cache miss)
519 timing reifyNode:node_modules/json-schema-traverse Completed in 3610ms
520 http fetch GET 200 https://registry.npmjs.org/is-typedarray/-/is-typedarray-1.0.0.tgz 2983ms (cache miss)
521 timing reifyNode:node_modules/is-typedarray Completed in 3619ms
522 http fetch GET 200 https://registry.npmjs.org/forever-agent/-/forever-agent-0.6.1.tgz 2968ms (cache miss)
523 timing reifyNode:node_modules/forever-agent Completed in 3632ms
524 http fetch GET 200 https://registry.npmjs.org/json-stringify-safe/-/json-stringify-safe-5.0.1.tgz 3008ms (cache miss)
525 http fetch GET 200 https://registry.npmjs.org/isstream/-/isstream-0.1.2.tgz 2995ms (cache miss)
526 timing reifyNode:node_modules/isstream Completed in 3645ms
527 timing reifyNode:node_modules/json-stringify-safe Completed in 3647ms
528 http fetch GET 200 https://registry.npmjs.org/commander/-/commander-2.17.1.tgz 3301ms (cache miss)
529 timing reifyNode:node_modules/commander Completed in 3675ms
530 http fetch GET 200 https://registry.npmjs.org/oauth-sign/-/oauth-sign-0.9.0.tgz 3074ms (cache miss)
531 timing reifyNode:node_modules/oauth-sign Completed in 3681ms
532 timing reifyNode:node_modules/fast-deep-equal Completed in 3689ms
533 http fetch GET 200 https://registry.npmjs.org/require-directory/-/require-directory-2.1.1.tgz 3356ms (cache miss)
534 timing reifyNode:node_modules/require-directory Completed in 3701ms
535 http fetch GET 200 https://registry.npmjs.org/escalade/-/escalade-3.1.1.tgz 3365ms (cache miss)
536 timing reifyNode:node_modules/escalade Completed in 3714ms
537 http fetch GET 200 https://registry.npmjs.org/extend/-/extend-3.0.2.tgz 3057ms (cache miss)
538 timing reifyNode:node_modules/extend Completed in 3731ms
539 http fetch GET 200 https://registry.npmjs.org/safe-buffer/-/safe-buffer-5.2.1.tgz 3148ms (cache miss)
540 timing reifyNode:node_modules/safe-buffer Completed in 3758ms
541 http fetch GET 200 https://registry.npmjs.org/cliui/-/cliui-7.0.4.tgz 3435ms (cache miss)
542 timing reifyNode:node_modules/cliui Completed in 3798ms
543 http fetch GET 200 https://registry.npmjs.org/emoji-regex/-/emoji-regex-8.0.0.tgz 3513ms (cache miss)
544 timing reifyNode:node_modules/emoji-regex Completed in 3811ms
545 http fetch GET 200 https://registry.npmjs.org/delayed-stream/-/delayed-stream-1.0.0.tgz 3252ms (cache miss)
546 timing reifyNode:node_modules/delayed-stream Completed in 3814ms
547 http fetch GET 200 https://registry.npmjs.org/asynckit/-/asynckit-0.4.0.tgz 3239ms (cache miss)
548 http fetch GET 200 https://registry.npmjs.org/ecc-jsbn/-/ecc-jsbn-0.1.2.tgz 3401ms (cache miss)
549 timing reifyNode:node_modules/ecc-jsbn Completed in 3843ms
550 timing reifyNode:node_modules/asn1 Completed in 3844ms
551 http fetch GET 200 https://registry.npmjs.org/uuid/-/uuid-3.4.0.tgz 3274ms (cache miss)
552 http fetch GET 200 https://registry.npmjs.org/yargs-parser/-/yargs-parser-20.2.9.tgz 3536ms (cache miss)
553 http fetch GET 200 https://registry.npmjs.org/tunnel-agent/-/tunnel-agent-0.6.0.tgz 3309ms (cache miss)
554 timing reifyNode:node_modules/tunnel-agent Completed in 3874ms
555 http fetch GET 200 https://registry.npmjs.org/http-signature/-/http-signature-1.2.0.tgz 3210ms (cache miss)
556 http fetch GET 200 https://registry.npmjs.org/bcrypt-pbkdf/-/bcrypt-pbkdf-1.0.2.tgz 3481ms (cache miss)
557 timing reifyNode:node_modules/bcrypt-pbkdf Completed in 3908ms
558 http fetch GET 200 https://registry.npmjs.org/extsprintf/-/extsprintf-1.3.0.tgz 3403ms (cache miss)
559 timing reifyNode:node_modules/extsprintf Completed in 3915ms
560 http fetch GET 200 https://registry.npmjs.org/aws-sign2/-/aws-sign2-0.7.0.tgz 3230ms (cache miss)
561 timing reifyNode:node_modules/aws-sign2 Completed in 3926ms
562 http fetch GET 200 https://registry.npmjs.org/jsonfile/-/jsonfile-4.0.0.tgz 3219ms (cache miss)
563 timing reifyNode:node_modules/jsonfile Completed in 3933ms
564 http fetch GET 200 https://registry.npmjs.org/combined-stream/-/combined-stream-1.0.8.tgz 3253ms (cache miss)
565 timing reifyNode:node_modules/combined-stream Completed in 3945ms
566 http fetch GET 200 https://registry.npmjs.org/universalify/-/universalify-0.1.2.tgz 3247ms (cache miss)
567 timing reifyNode:node_modules/universalify Completed in 3949ms
568 timing reifyNode:node_modules/http-signature Completed in 3981ms
569 http fetch GET 200 https://registry.npmjs.org/form-data/-/form-data-2.3.3.tgz 3329ms (cache miss)
570 http fetch GET 200 https://registry.npmjs.org/mime-db/-/mime-db-1.52.0.tgz 3507ms (cache miss)
571 timing reifyNode:node_modules/yargs-parser Completed in 4018ms
572 http fetch GET 200 https://registry.npmjs.org/aws4/-/aws4-1.11.0.tgz 3344ms (cache miss)
573 timing reifyNode:node_modules/aws4 Completed in 4028ms
574 http fetch GET 200 https://registry.npmjs.org/jsbn/-/jsbn-0.1.1.tgz 3638ms (cache miss)
575 timing reifyNode:node_modules/jsbn Completed in 4048ms
576 http fetch GET 200 https://registry.npmjs.org/graceful-fs/-/graceful-fs-4.2.10.tgz 3336ms (cache miss)
577 timing reifyNode:node_modules/graceful-fs Completed in 4061ms
578 timing reifyNode:node_modules/form-data Completed in 4064ms
579 timing reifyNode:node_modules/mime-db Completed in 4068ms
580 http fetch GET 200 https://registry.npmjs.org/json-schema/-/json-schema-0.4.0.tgz 3608ms (cache miss)
581 timing reifyNode:node_modules/json-schema Completed in 4076ms
582 http fetch GET 200 https://registry.npmjs.org/fast-json-stable-stringify/-/fast-json-stable-stringify-2.1.0.tgz 3566ms (cache miss)
583 http fetch GET 200 https://registry.npmjs.org/har-validator/-/har-validator-5.1.5.tgz 3463ms (cache miss)
584 warn deprecated har-validator@5.1.5: this library is no longer supported
585 timing reifyNode:node_modules/har-validator Completed in 4106ms
586 http fetch GET 200 https://registry.npmjs.org/dom-storage/-/dom-storage-2.1.0.tgz 3348ms (cache miss)
587 timing reifyNode:node_modules/dom-storage Completed in 4113ms
588 http fetch GET 200 https://registry.npmjs.org/tough-cookie/-/tough-cookie-2.5.0.tgz 3553ms (cache miss)
589 timing reifyNode:node_modules/tough-cookie Completed in 4124ms
590 http fetch GET 200 https://registry.npmjs.org/caseless/-/caseless-0.12.0.tgz 3375ms (cache miss)
591 timing reifyNode:node_modules/caseless Completed in 4134ms
592 timing reifyNode:node_modules/asynckit Completed in 4141ms
593 timing reifyNode:node_modules/performance-now Completed in 4143ms
594 http fetch GET 200 https://registry.npmjs.org/dashdash/-/dashdash-1.14.1.tgz 3673ms (cache miss)
595 timing reifyNode:node_modules/dashdash Completed in 4156ms
596 timing reifyNode:node_modules/printj Completed in 4162ms
597 timing reifyNode:node_modules/fast-json-stable-stringify Completed in 4171ms
598 warn deprecated uuid@3.4.0: Please upgrade  to version 7 or higher.  Older versions may use Math.random() in certain circumstances, which is known to be problematic.  See https://v8.dev/blog/math-random for details.
599 timing reifyNode:node_modules/uuid Completed in 4182ms
600 timing reifyNode:node_modules/har-schema Completed in 4193ms
601 timing reifyNode:node_modules/wmf Completed in 4197ms
602 http fetch GET 200 https://registry.npmjs.org/verror/-/verror-1.10.0.tgz 3786ms (cache miss)
603 timing reifyNode:node_modules/verror Completed in 4249ms
604 http fetch GET 200 https://registry.npmjs.org/tweetnacl/-/tweetnacl-0.14.5.tgz 3901ms (cache miss)
605 timing reifyNode:node_modules/tweetnacl Completed in 4307ms
606 timing reifyNode:node_modules/cfb Completed in 4331ms
607 http fetch GET 200 https://registry.npmjs.org/qs/-/qs-6.5.3.tgz 3829ms (cache miss)
608 timing reifyNode:node_modules/qs Completed in 4428ms
609 http fetch GET 200 https://registry.npmjs.org/node-red-contrib-alasql/-/node-red-contrib-alasql-2.0.1.tgz 3658ms (cache miss)
610 timing reifyNode:node_modules/node-red-contrib-alasql Completed in 4443ms
611 http fetch GET 200 https://registry.npmjs.org/request/-/request-2.88.2.tgz 3762ms (cache miss)
612 warn deprecated request@2.88.2: request has been deprecated, see https://github.com/request/request/issues/3142
613 timing reifyNode:node_modules/request Completed in 4541ms
614 http fetch GET 200 https://registry.npmjs.org/psl/-/psl-1.9.0.tgz 4180ms (cache miss)
615 timing reifyNode:node_modules/psl Completed in 4600ms
616 http fetch GET 200 https://registry.npmjs.org/sshpk/-/sshpk-1.17.0.tgz 4180ms (cache miss)
617 http fetch GET 200 https://registry.npmjs.org/es6-promise/-/es6-promise-4.2.8.tgz 3955ms (cache miss)
618 timing reifyNode:node_modules/sshpk Completed in 4720ms
619 timing reifyNode:node_modules/es6-promise Completed in 4734ms
620 http fetch GET 200 https://registry.npmjs.org/fs-extra/-/fs-extra-8.1.0.tgz 3970ms (cache miss)
621 timing reifyNode:node_modules/fs-extra Completed in 4767ms
622 http fetch GET 200 https://registry.npmjs.org/yargs/-/yargs-16.1.0.tgz 4234ms (cache miss)
623 timing reifyNode:node_modules/yargs Completed in 4988ms
624 http fetch GET 200 https://registry.npmjs.org/uri-js/-/uri-js-4.4.1.tgz 4499ms (cache miss)
625 timing reifyNode:node_modules/uri-js Completed in 5024ms
626 http fetch GET 200 https://registry.npmjs.org/alasql/-/alasql-0.6.7.tgz 4658ms (cache miss)
627 timing reifyNode:node_modules/alasql Completed in 5451ms
628 http fetch GET 200 https://registry.npmjs.org/ajv/-/ajv-6.12.6.tgz 5098ms (cache miss)
629 timing reifyNode:node_modules/ajv Completed in 5647ms
630 http fetch GET 200 https://registry.npmjs.org/xlsx/-/xlsx-0.16.8.tgz 6158ms (cache miss)
631 timing reifyNode:node_modules/xlsx Completed in 6877ms
632 http fetch GET 200 https://registry.npmjs.org/codepage/-/codepage-1.14.0.tgz 6685ms (cache miss)
633 timing reifyNode:node_modules/codepage Completed in 7073ms
634 http fetch GET 200 https://registry.npmjs.org/lodash/-/lodash-4.17.20.tgz 8002ms (cache miss)
635 timing reifyNode:node_modules/lodash Completed in 8748ms
636 timing reify:unpack Completed in 8755ms
637 timing reify:unretire Completed in 5ms
638 timing build:queue Completed in 47ms
639 timing build:link:node_modules/adler-32 Completed in 56ms
640 timing build:link:node_modules/alasql Completed in 55ms
641 timing build:link:node_modules/codepage Completed in 56ms
642 timing build:link:node_modules/printj Completed in 58ms
643 timing build:link:node_modules/crc-32 Completed in 60ms
644 timing build:link:node_modules/sshpk Completed in 61ms
645 timing build:link:node_modules/xlsx Completed in 60ms
646 timing build:link:node_modules/uuid Completed in 60ms
647 timing build:link Completed in 64ms
648 timing build:deps Completed in 112ms
649 timing build Completed in 113ms
650 timing reify:build Completed in 114ms
651 timing reify:trash Completed in 0ms
652 timing reify:save Completed in 59ms
653 timing reify Completed in 15986ms
654 silly ADD node_modules/color-name
655 silly ADD node_modules/color-convert
656 silly ADD node_modules/ansi-styles
657 silly ADD node_modules/ansi-regex
658 silly ADD node_modules/is-fullwidth-code-point
659 silly ADD node_modules/emoji-regex
660 silly ADD node_modules/wrap-ansi
661 silly ADD node_modules/strip-ansi
662 silly ADD node_modules/yargs-parser
663 silly ADD node_modules/y18n
664 silly ADD node_modules/string-width
665 silly ADD node_modules/require-directory
666 silly ADD node_modules/get-caller-file
667 silly ADD node_modules/escalade
668 silly ADD node_modules/cliui
669 silly ADD node_modules/frac
670 silly ADD node_modules/printj
671 silly ADD node_modules/word
672 silly ADD node_modules/wmf
673 silly ADD node_modules/ssf
674 silly ADD node_modules/exit-on-epipe
675 silly ADD node_modules/crc-32
676 silly ADD node_modules/commander
677 silly ADD node_modules/codepage
678 silly ADD node_modules/codepage/node_modules/commander
679 silly ADD node_modules/cfb
680 silly ADD node_modules/cfb/node_modules/adler-32
681 silly ADD node_modules/adler-32
682 silly ADD node_modules/core-util-is
683 silly ADD node_modules/punycode
684 silly ADD node_modules/psl
685 silly ADD node_modules/tweetnacl
686 silly ADD node_modules/safer-buffer
687 silly ADD node_modules/jsbn
688 silly ADD node_modules/getpass
689 silly ADD node_modules/ecc-jsbn
690 silly ADD node_modules/dashdash
691 silly ADD node_modules/bcrypt-pbkdf
692 silly ADD node_modules/asn1
693 silly ADD node_modules/mime-db
694 silly ADD node_modules/verror
695 silly ADD node_modules/json-schema
696 silly ADD node_modules/extsprintf
697 silly ADD node_modules/sshpk
698 silly ADD node_modules/jsprim
699 silly ADD node_modules/assert-plus
700 silly ADD node_modules/uri-js
701 silly ADD node_modules/json-schema-traverse
702 silly ADD node_modules/fast-json-stable-stringify
703 silly ADD node_modules/fast-deep-equal
704 silly ADD node_modules/har-schema
705 silly ADD node_modules/ajv
706 silly ADD node_modules/asynckit
707 silly ADD node_modules/delayed-stream
708 silly ADD node_modules/uuid
709 silly ADD node_modules/tunnel-agent
710 silly ADD node_modules/tough-cookie
711 silly ADD node_modules/safe-buffer
712 silly ADD node_modules/qs
713 silly ADD node_modules/performance-now
714 silly ADD node_modules/oauth-sign
715 silly ADD node_modules/mime-types
716 silly ADD node_modules/json-stringify-safe
717 silly ADD node_modules/isstream
718 silly ADD node_modules/is-typedarray
719 silly ADD node_modules/http-signature
720 silly ADD node_modules/har-validator
721 silly ADD node_modules/form-data
722 silly ADD node_modules/forever-agent
723 silly ADD node_modules/extend
724 silly ADD node_modules/combined-stream
725 silly ADD node_modules/caseless
726 silly ADD node_modules/aws4
727 silly ADD node_modules/aws-sign2
728 silly ADD node_modules/universalify
729 silly ADD node_modules/jsonfile
730 silly ADD node_modules/graceful-fs
731 silly ADD node_modules/yargs
732 silly ADD node_modules/xlsx
733 silly ADD node_modules/request
734 silly ADD node_modules/lodash
735 silly ADD node_modules/es6-promise
736 silly ADD node_modules/dom-storage
737 silly ADD node_modules/fs-extra
738 silly ADD node_modules/alasql
739 silly ADD node_modules/node-red-contrib-alasql
740 timing command:install Completed in 16020ms
741 verbose exit 0
742 timing npm Completed in 16191ms
743 info ok
