0 verbose cli /usr/local/bin/node /usr/local/bin/npm
1 info using npm@8.11.0
2 info using node@v16.16.0
3 timing npm:load:whichnode Completed in 0ms
4 timing config:load:defaults Completed in 4ms
5 timing config:load:file:/usr/local/lib/node_modules/npm/npmrc Completed in 1ms
6 timing config:load:builtin Completed in 1ms
7 timing config:load:cli Completed in 3ms
8 timing config:load:env Completed in 0ms
9 timing config:load:file:/data/.npmrc Completed in 1ms
10 timing config:load:project Completed in 5ms
11 timing config:load:file:/usr/src/node-red/.npmrc Completed in 1ms
12 timing config:load:user Completed in 1ms
13 timing config:load:file:/usr/local/etc/npmrc Completed in 6ms
14 timing config:load:global Completed in 7ms
15 timing config:load:validate Completed in 0ms
16 timing config:load:credentials Completed in 2ms
17 timing config:load:setEnvs Completed in 3ms
18 timing config:load Completed in 27ms
19 timing npm:load:configload Completed in 27ms
20 timing npm:load:mkdirpcache Completed in 6ms
21 timing npm:load:mkdirplogs Completed in 6ms
22 verbose title npm remove node-red-contrib-alasql
23 verbose argv "remove" "--no-audit" "--no-update-notifier" "--no-fund" "--save" "node-red-contrib-alasql"
24 timing npm:load:setTitle Completed in 1ms
25 timing config:load:flatten Completed in 4ms
26 timing npm:load:display Completed in 5ms
27 verbose logfile logs-max:10 dir:/data/.npm/_logs
28 verbose logfile /data/.npm/_logs/2022-09-27T07_10_58_840Z-debug-0.log
29 timing npm:load:logFile Completed in 21ms
30 timing npm:load:timers Completed in 0ms
31 timing npm:load:configScope Completed in 0ms
32 timing npm:load Completed in 70ms
33 timing arborist:ctor Completed in 1ms
34 silly logfile start cleaning logs, removing 1 files
35 silly logfile done cleaning log files
36 timing idealTree:init Completed in 125ms
37 timing idealTree:userRequests Completed in 1ms
38 silly idealTree buildDeps
39 timing idealTree:#root Completed in 0ms
40 timing idealTree:buildDeps Completed in 3ms
41 timing idealTree:fixDepFlags Completed in 11ms
42 timing idealTree Completed in 143ms
43 timing arborist:ctor Completed in 0ms
44 timing reify:loadTrees Completed in 281ms
45 timing reify:diffTrees Completed in 2ms
46 silly reify mark retired [ '/data/node_modules/adler-32', '/data/node_modules/.bin/adler32' ]
47 silly reify mark retired [ '/data/node_modules/ajv' ]
48 silly reify mark retired [
48 silly reify   '/data/node_modules/alasql',
48 silly reify   '/data/node_modules/.bin/alaserver',
48 silly reify   '/data/node_modules/.bin/alasql'
48 silly reify ]
49 silly reify mark retired [ '/data/node_modules/ansi-regex' ]
50 silly reify mark retired [ '/data/node_modules/ansi-styles' ]
51 silly reify mark retired [ '/data/node_modules/asn1' ]
52 silly reify mark retired [ '/data/node_modules/assert-plus' ]
53 silly reify mark retired [ '/data/node_modules/asynckit' ]
54 silly reify mark retired [ '/data/node_modules/aws-sign2' ]
55 silly reify mark retired [ '/data/node_modules/aws4' ]
56 silly reify mark retired [ '/data/node_modules/bcrypt-pbkdf' ]
57 silly reify mark retired [ '/data/node_modules/caseless' ]
58 silly reify mark retired [ '/data/node_modules/cfb' ]
59 silly reify mark retired [ '/data/node_modules/cliui' ]
60 silly reify mark retired [ '/data/node_modules/codepage', '/data/node_modules/.bin/codepage' ]
61 silly reify mark retired [ '/data/node_modules/color-convert' ]
62 silly reify mark retired [ '/data/node_modules/color-name' ]
63 silly reify mark retired [ '/data/node_modules/combined-stream' ]
64 silly reify mark retired [ '/data/node_modules/commander' ]
65 silly reify mark retired [ '/data/node_modules/core-util-is' ]
66 silly reify mark retired [ '/data/node_modules/crc-32', '/data/node_modules/.bin/crc32' ]
67 silly reify mark retired [ '/data/node_modules/dashdash' ]
68 silly reify mark retired [ '/data/node_modules/delayed-stream' ]
69 silly reify mark retired [ '/data/node_modules/dom-storage' ]
70 silly reify mark retired [ '/data/node_modules/ecc-jsbn' ]
71 silly reify mark retired [ '/data/node_modules/emoji-regex' ]
72 silly reify mark retired [ '/data/node_modules/es6-promise' ]
73 silly reify mark retired [ '/data/node_modules/escalade' ]
74 silly reify mark retired [ '/data/node_modules/exit-on-epipe' ]
75 silly reify mark retired [ '/data/node_modules/extend' ]
76 silly reify mark retired [ '/data/node_modules/extsprintf' ]
77 silly reify mark retired [ '/data/node_modules/fast-deep-equal' ]
78 silly reify mark retired [ '/data/node_modules/fast-json-stable-stringify' ]
79 silly reify mark retired [ '/data/node_modules/forever-agent' ]
80 silly reify mark retired [ '/data/node_modules/form-data' ]
81 silly reify mark retired [ '/data/node_modules/frac' ]
82 silly reify mark retired [ '/data/node_modules/fs-extra' ]
83 silly reify mark retired [ '/data/node_modules/get-caller-file' ]
84 silly reify mark retired [ '/data/node_modules/getpass' ]
85 silly reify mark retired [ '/data/node_modules/graceful-fs' ]
86 silly reify mark retired [ '/data/node_modules/har-schema' ]
87 silly reify mark retired [ '/data/node_modules/har-validator' ]
88 silly reify mark retired [ '/data/node_modules/http-signature' ]
89 silly reify mark retired [ '/data/node_modules/is-fullwidth-code-point' ]
90 silly reify mark retired [ '/data/node_modules/is-typedarray' ]
91 silly reify mark retired [ '/data/node_modules/isstream' ]
92 silly reify mark retired [ '/data/node_modules/jsbn' ]
93 silly reify mark retired [ '/data/node_modules/json-schema' ]
94 silly reify mark retired [ '/data/node_modules/json-schema-traverse' ]
95 silly reify mark retired [ '/data/node_modules/json-stringify-safe' ]
96 silly reify mark retired [ '/data/node_modules/jsonfile' ]
97 silly reify mark retired [ '/data/node_modules/jsprim' ]
98 silly reify mark retired [ '/data/node_modules/lodash' ]
99 silly reify mark retired [ '/data/node_modules/mime-db' ]
100 silly reify mark retired [ '/data/node_modules/mime-types' ]
101 silly reify mark retired [ '/data/node_modules/node-red-contrib-alasql' ]
102 silly reify mark retired [ '/data/node_modules/oauth-sign' ]
103 silly reify mark retired [ '/data/node_modules/performance-now' ]
104 silly reify mark retired [ '/data/node_modules/printj', '/data/node_modules/.bin/printj' ]
105 silly reify mark retired [ '/data/node_modules/psl' ]
106 silly reify mark retired [ '/data/node_modules/punycode' ]
107 silly reify mark retired [ '/data/node_modules/qs' ]
108 silly reify mark retired [ '/data/node_modules/request' ]
109 silly reify mark retired [ '/data/node_modules/require-directory' ]
110 silly reify mark retired [ '/data/node_modules/safe-buffer' ]
111 silly reify mark retired [ '/data/node_modules/safer-buffer' ]
112 silly reify mark retired [ '/data/node_modules/ssf' ]
113 silly reify mark retired [
113 silly reify   '/data/node_modules/sshpk',
113 silly reify   '/data/node_modules/.bin/sshpk-conv',
113 silly reify   '/data/node_modules/.bin/sshpk-sign',
113 silly reify   '/data/node_modules/.bin/sshpk-verify'
113 silly reify ]
114 silly reify mark retired [ '/data/node_modules/string-width' ]
115 silly reify mark retired [ '/data/node_modules/strip-ansi' ]
116 silly reify mark retired [ '/data/node_modules/tough-cookie' ]
117 silly reify mark retired [ '/data/node_modules/tunnel-agent' ]
118 silly reify mark retired [ '/data/node_modules/tweetnacl' ]
119 silly reify mark retired [ '/data/node_modules/universalify' ]
120 silly reify mark retired [ '/data/node_modules/uri-js' ]
121 silly reify mark retired [ '/data/node_modules/uuid', '/data/node_modules/.bin/uuid' ]
122 silly reify mark retired [ '/data/node_modules/verror' ]
123 silly reify mark retired [ '/data/node_modules/wmf' ]
124 silly reify mark retired [ '/data/node_modules/word' ]
125 silly reify mark retired [ '/data/node_modules/wrap-ansi' ]
126 silly reify mark retired [ '/data/node_modules/xlsx', '/data/node_modules/.bin/xlsx' ]
127 silly reify mark retired [ '/data/node_modules/y18n' ]
128 silly reify mark retired [ '/data/node_modules/yargs' ]
129 silly reify mark retired [ '/data/node_modules/yargs-parser' ]
130 silly reify moves {
130 silly reify   '/data/node_modules/adler-32': '/data/node_modules/.adler-32-KrXn4QHh',
130 silly reify   '/data/node_modules/.bin/adler32': '/data/node_modules/.bin/.adler32-TkO3viIf',
130 silly reify   '/data/node_modules/ajv': '/data/node_modules/.ajv-jzyQZzDM',
130 silly reify   '/data/node_modules/alasql': '/data/node_modules/.alasql-tzjtcQ19',
130 silly reify   '/data/node_modules/.bin/alaserver': '/data/node_modules/.bin/.alaserver-czMfPN6x',
130 silly reify   '/data/node_modules/.bin/alasql': '/data/node_modules/.bin/.alasql-RK7aY8Rm',
130 silly reify   '/data/node_modules/ansi-regex': '/data/node_modules/.ansi-regex-UnXQL7ut',
130 silly reify   '/data/node_modules/ansi-styles': '/data/node_modules/.ansi-styles-2kNSBsZO',
130 silly reify   '/data/node_modules/asn1': '/data/node_modules/.asn1-e0bUEltG',
130 silly reify   '/data/node_modules/assert-plus': '/data/node_modules/.assert-plus-YZQnnLf9',
130 silly reify   '/data/node_modules/asynckit': '/data/node_modules/.asynckit-fWfEfcP5',
130 silly reify   '/data/node_modules/aws-sign2': '/data/node_modules/.aws-sign2-X45wVquF',
130 silly reify   '/data/node_modules/aws4': '/data/node_modules/.aws4-Wbwj5ujf',
130 silly reify   '/data/node_modules/bcrypt-pbkdf': '/data/node_modules/.bcrypt-pbkdf-ttTcMKMW',
130 silly reify   '/data/node_modules/caseless': '/data/node_modules/.caseless-ekVdtHwV',
130 silly reify   '/data/node_modules/cfb': '/data/node_modules/.cfb-Aa2MlFI8',
130 silly reify   '/data/node_modules/cliui': '/data/node_modules/.cliui-yxzVXKWS',
130 silly reify   '/data/node_modules/codepage': '/data/node_modules/.codepage-h5fXAjHA',
130 silly reify   '/data/node_modules/.bin/codepage': '/data/node_modules/.bin/.codepage-NtGB2Enw',
130 silly reify   '/data/node_modules/color-convert': '/data/node_modules/.color-convert-CyDcREMC',
130 silly reify   '/data/node_modules/color-name': '/data/node_modules/.color-name-VkBrgzKr',
130 silly reify   '/data/node_modules/combined-stream': '/data/node_modules/.combined-stream-0zmoVf8j',
130 silly reify   '/data/node_modules/commander': '/data/node_modules/.commander-JPBnCpEB',
130 silly reify   '/data/node_modules/core-util-is': '/data/node_modules/.core-util-is-9IULv6p7',
130 silly reify   '/data/node_modules/crc-32': '/data/node_modules/.crc-32-ynZ07F1O',
130 silly reify   '/data/node_modules/.bin/crc32': '/data/node_modules/.bin/.crc32-kY5xtLs5',
130 silly reify   '/data/node_modules/dashdash': '/data/node_modules/.dashdash-TmMTJdjV',
130 silly reify   '/data/node_modules/delayed-stream': '/data/node_modules/.delayed-stream-RwPyxr6p',
130 silly reify   '/data/node_modules/dom-storage': '/data/node_modules/.dom-storage-IczNJmDd',
130 silly reify   '/data/node_modules/ecc-jsbn': '/data/node_modules/.ecc-jsbn-9XjzsfMH',
130 silly reify   '/data/node_modules/emoji-regex': '/data/node_modules/.emoji-regex-3DE4Hvsb',
130 silly reify   '/data/node_modules/es6-promise': '/data/node_modules/.es6-promise-9FpoAX3J',
130 silly reify   '/data/node_modules/escalade': '/data/node_modules/.escalade-c0bvgGn7',
130 silly reify   '/data/node_modules/exit-on-epipe': '/data/node_modules/.exit-on-epipe-U2d9BoSi',
130 silly reify   '/data/node_modules/extend': '/data/node_modules/.extend-IBMMU5HM',
130 silly reify   '/data/node_modules/extsprintf': '/data/node_modules/.extsprintf-FoHmJk3p',
130 silly reify   '/data/node_modules/fast-deep-equal': '/data/node_modules/.fast-deep-equal-zliBd0dy',
130 silly reify   '/data/node_modules/fast-json-stable-stringify': '/data/node_modules/.fast-json-stable-stringify-fvJHGmZ2',
130 silly reify   '/data/node_modules/forever-agent': '/data/node_modules/.forever-agent-ETyJOEPt',
130 silly reify   '/data/node_modules/form-data': '/data/node_modules/.form-data-VxlkrdGS',
130 silly reify   '/data/node_modules/frac': '/data/node_modules/.frac-LKQtQOpJ',
130 silly reify   '/data/node_modules/fs-extra': '/data/node_modules/.fs-extra-tBOSboDO',
130 silly reify   '/data/node_modules/get-caller-file': '/data/node_modules/.get-caller-file-twepYwfK',
130 silly reify   '/data/node_modules/getpass': '/data/node_modules/.getpass-8UGyalEQ',
130 silly reify   '/data/node_modules/graceful-fs': '/data/node_modules/.graceful-fs-k0znLUlP',
130 silly reify   '/data/node_modules/har-schema': '/data/node_modules/.har-schema-uXiZHIR3',
130 silly reify   '/data/node_modules/har-validator': '/data/node_modules/.har-validator-TX2bAY5B',
130 silly reify   '/data/node_modules/http-signature': '/data/node_modules/.http-signature-sXjIiir6',
130 silly reify   '/data/node_modules/is-fullwidth-code-point': '/data/node_modules/.is-fullwidth-code-point-msBfcTjH',
130 silly reify   '/data/node_modules/is-typedarray': '/data/node_modules/.is-typedarray-ljDyWP6Y',
130 silly reify   '/data/node_modules/isstream': '/data/node_modules/.isstream-3iJGFMBy',
130 silly reify   '/data/node_modules/jsbn': '/data/node_modules/.jsbn-SoBmc5PG',
130 silly reify   '/data/node_modules/json-schema': '/data/node_modules/.json-schema-oZ7nJNQT',
130 silly reify   '/data/node_modules/json-schema-traverse': '/data/node_modules/.json-schema-traverse-zMJEzWC6',
130 silly reify   '/data/node_modules/json-stringify-safe': '/data/node_modules/.json-stringify-safe-JGxUyLWG',
130 silly reify   '/data/node_modules/jsonfile': '/data/node_modules/.jsonfile-P1qbuIOJ',
130 silly reify   '/data/node_modules/jsprim': '/data/node_modules/.jsprim-xDzGB51Y',
130 silly reify   '/data/node_modules/lodash': '/data/node_modules/.lodash-RwIfwiNE',
130 silly reify   '/data/node_modules/mime-db': '/data/node_modules/.mime-db-Bc7q22S9',
130 silly reify   '/data/node_modules/mime-types': '/data/node_modules/.mime-types-Cid6PBHG',
130 silly reify   '/data/node_modules/node-red-contrib-alasql': '/data/node_modules/.node-red-contrib-alasql-EVL8v5kG',
130 silly reify   '/data/node_modules/oauth-sign': '/data/node_modules/.oauth-sign-1dcypRvD',
130 silly reify   '/data/node_modules/performance-now': '/data/node_modules/.performance-now-q04eAUSy',
130 silly reify   '/data/node_modules/printj': '/data/node_modules/.printj-6SLhsLJC',
130 silly reify   '/data/node_modules/.bin/printj': '/data/node_modules/.bin/.printj-m5qFGGb2',
130 silly reify   '/data/node_modules/psl': '/data/node_modules/.psl-l2CdK3gQ',
130 silly reify   '/data/node_modules/punycode': '/data/node_modules/.punycode-gyQTLwWT',
130 silly reify   '/data/node_modules/qs': '/data/node_modules/.qs-t2ewpGYR',
130 silly reify   '/data/node_modules/request': '/data/node_modules/.request-DH2dnj1F',
130 silly reify   '/data/node_modules/require-directory': '/data/node_modules/.require-directory-gvzRtPaS',
130 silly reify   '/data/node_modules/safe-buffer': '/data/node_modules/.safe-buffer-RhdIW9jy',
130 silly reify   '/data/node_modules/safer-buffer': '/data/node_modules/.safer-buffer-aAdgwKtH',
130 silly reify   '/data/node_modules/ssf': '/data/node_modules/.ssf-ePteV8VD',
130 silly reify   '/data/node_modules/sshpk': '/data/node_modules/.sshpk-eLsZQtXO',
130 silly reify   '/data/node_modules/.bin/sshpk-conv': '/data/node_modules/.bin/.sshpk-conv-QPuEKOiy',
130 silly reify   '/data/node_modules/.bin/sshpk-sign': '/data/node_modules/.bin/.sshpk-sign-IzCPgJfp',
130 silly reify   '/data/node_modules/.bin/sshpk-verify': '/data/node_modules/.bin/.sshpk-verify-qEecWVxV',
130 silly reify   '/data/node_modules/string-width': '/data/node_modules/.string-width-0WgxdXS3',
130 silly reify   '/data/node_modules/strip-ansi': '/data/node_modules/.strip-ansi-zyOGG1f9',
130 silly reify   '/data/node_modules/tough-cookie': '/data/node_modules/.tough-cookie-vIsWCDtx',
130 silly reify   '/data/node_modules/tunnel-agent': '/data/node_modules/.tunnel-agent-o9qAJAS3',
130 silly reify   '/data/node_modules/tweetnacl': '/data/node_modules/.tweetnacl-FVDo8YcJ',
130 silly reify   '/data/node_modules/universalify': '/data/node_modules/.universalify-oE2Nbdzx',
130 silly reify   '/data/node_modules/uri-js': '/data/node_modules/.uri-js-yojBRoJj',
130 silly reify   '/data/node_modules/uuid': '/data/node_modules/.uuid-4ltFvtl7',
130 silly reify   '/data/node_modules/.bin/uuid': '/data/node_modules/.bin/.uuid-AirT9FyH',
130 silly reify   '/data/node_modules/verror': '/data/node_modules/.verror-WoSm6F9n',
130 silly reify   '/data/node_modules/wmf': '/data/node_modules/.wmf-iAYyAyF8',
130 silly reify   '/data/node_modules/word': '/data/node_modules/.word-J2FF4KVV',
130 silly reify   '/data/node_modules/wrap-ansi': '/data/node_modules/.wrap-ansi-f88q5fUg',
130 silly reify   '/data/node_modules/xlsx': '/data/node_modules/.xlsx-8t2SQ23T',
130 silly reify   '/data/node_modules/.bin/xlsx': '/data/node_modules/.bin/.xlsx-WqqJ2LMM',
130 silly reify   '/data/node_modules/y18n': '/data/node_modules/.y18n-eIcXh3qx',
130 silly reify   '/data/node_modules/yargs': '/data/node_modules/.yargs-0QWI5jwv',
130 silly reify   '/data/node_modules/yargs-parser': '/data/node_modules/.yargs-parser-Nx4XVQCj'
130 silly reify }
131 timing reify:retireShallow Completed in 393ms
132 timing reify:createSparse Completed in 0ms
133 timing reify:loadBundles Completed in 0ms
134 timing reify:unpack Completed in 0ms
135 timing reify:unretire Completed in 1ms
136 timing build:queue Completed in 0ms
137 timing build:deps Completed in 1ms
138 timing build Completed in 1ms
139 timing reify:build Completed in 3ms
140 timing reify:trash Completed in 3632ms
141 timing reify:save Completed in 9ms
142 timing reify Completed in 4342ms
143 silly REMOVE node_modules/yargs-parser
144 silly REMOVE node_modules/yargs
145 silly REMOVE node_modules/y18n
146 silly REMOVE node_modules/xlsx
147 silly REMOVE node_modules/wrap-ansi
148 silly REMOVE node_modules/word
149 silly REMOVE node_modules/wmf
150 silly REMOVE node_modules/verror
151 silly REMOVE node_modules/uuid
152 silly REMOVE node_modules/uri-js
153 silly REMOVE node_modules/universalify
154 silly REMOVE node_modules/tweetnacl
155 silly REMOVE node_modules/tunnel-agent
156 silly REMOVE node_modules/tough-cookie
157 silly REMOVE node_modules/strip-ansi
158 silly REMOVE node_modules/string-width
159 silly REMOVE node_modules/sshpk
160 silly REMOVE node_modules/ssf
161 silly REMOVE node_modules/safer-buffer
162 silly REMOVE node_modules/safe-buffer
163 silly REMOVE node_modules/require-directory
164 silly REMOVE node_modules/request
165 silly REMOVE node_modules/qs
166 silly REMOVE node_modules/punycode
167 silly REMOVE node_modules/psl
168 silly REMOVE node_modules/printj
169 silly REMOVE node_modules/performance-now
170 silly REMOVE node_modules/oauth-sign
171 silly REMOVE node_modules/node-red-contrib-alasql
172 silly REMOVE node_modules/mime-types
173 silly REMOVE node_modules/mime-db
174 silly REMOVE node_modules/lodash
175 silly REMOVE node_modules/jsprim
176 silly REMOVE node_modules/jsonfile
177 silly REMOVE node_modules/json-stringify-safe
178 silly REMOVE node_modules/json-schema-traverse
179 silly REMOVE node_modules/json-schema
180 silly REMOVE node_modules/jsbn
181 silly REMOVE node_modules/isstream
182 silly REMOVE node_modules/is-typedarray
183 silly REMOVE node_modules/is-fullwidth-code-point
184 silly REMOVE node_modules/http-signature
185 silly REMOVE node_modules/har-validator
186 silly REMOVE node_modules/har-schema
187 silly REMOVE node_modules/graceful-fs
188 silly REMOVE node_modules/getpass
189 silly REMOVE node_modules/get-caller-file
190 silly REMOVE node_modules/fs-extra
191 silly REMOVE node_modules/frac
192 silly REMOVE node_modules/form-data
193 silly REMOVE node_modules/forever-agent
194 silly REMOVE node_modules/fast-json-stable-stringify
195 silly REMOVE node_modules/fast-deep-equal
196 silly REMOVE node_modules/extsprintf
197 silly REMOVE node_modules/extend
198 silly REMOVE node_modules/exit-on-epipe
199 silly REMOVE node_modules/escalade
200 silly REMOVE node_modules/es6-promise
201 silly REMOVE node_modules/emoji-regex
202 silly REMOVE node_modules/ecc-jsbn
203 silly REMOVE node_modules/dom-storage
204 silly REMOVE node_modules/delayed-stream
205 silly REMOVE node_modules/dashdash
206 silly REMOVE node_modules/crc-32
207 silly REMOVE node_modules/core-util-is
208 silly REMOVE node_modules/commander
209 silly REMOVE node_modules/combined-stream
210 silly REMOVE node_modules/color-name
211 silly REMOVE node_modules/color-convert
212 silly REMOVE node_modules/codepage
213 silly REMOVE node_modules/codepage/node_modules/commander
214 silly REMOVE node_modules/cliui
215 silly REMOVE node_modules/cfb
216 silly REMOVE node_modules/cfb/node_modules/adler-32
217 silly REMOVE node_modules/caseless
218 silly REMOVE node_modules/bcrypt-pbkdf
219 silly REMOVE node_modules/aws4
220 silly REMOVE node_modules/aws-sign2
221 silly REMOVE node_modules/asynckit
222 silly REMOVE node_modules/assert-plus
223 silly REMOVE node_modules/asn1
224 silly REMOVE node_modules/ansi-styles
225 silly REMOVE node_modules/ansi-regex
226 silly REMOVE node_modules/alasql
227 silly REMOVE node_modules/ajv
228 silly REMOVE node_modules/adler-32
229 timing command:remove Completed in 4373ms
230 verbose exit 0
231 timing npm Completed in 4521ms
232 info ok
