0 verbose cli /usr/local/bin/node /usr/local/bin/npm
1 info using npm@8.11.0
2 info using node@v16.16.0
3 timing npm:load:whichnode Completed in 1ms
4 timing config:load:defaults Completed in 3ms
5 timing config:load:file:/usr/local/lib/node_modules/npm/npmrc Completed in 2ms
6 timing config:load:builtin Completed in 3ms
7 timing config:load:cli Completed in 6ms
8 timing config:load:env Completed in 1ms
9 timing config:load:file:/data/.npmrc Completed in 1ms
10 timing config:load:project Completed in 14ms
11 timing config:load:file:/usr/src/node-red/.npmrc Completed in 0ms
12 timing config:load:user Completed in 1ms
13 timing config:load:file:/usr/local/etc/npmrc Completed in 3ms
14 timing config:load:global Completed in 3ms
15 timing config:load:validate Completed in 1ms
16 timing config:load:credentials Completed in 1ms
17 timing config:load:setEnvs Completed in 2ms
18 timing config:load Completed in 35ms
19 timing npm:load:configload Completed in 35ms
20 timing npm:load:mkdirpcache Completed in 5ms
21 timing npm:load:mkdirplogs Completed in 7ms
22 verbose title npm remove node-red-contrib-bigxlsx
23 verbose argv "remove" "--no-audit" "--no-update-notifier" "--no-fund" "--save" "node-red-contrib-bigxlsx"
24 timing npm:load:setTitle Completed in 1ms
25 timing config:load:flatten Completed in 4ms
26 timing npm:load:display Completed in 5ms
27 verbose logfile logs-max:10 dir:/data/.npm/_logs
28 verbose logfile /data/.npm/_logs/2022-09-27T06_18_01_333Z-debug-0.log
29 timing npm:load:logFile Completed in 26ms
30 timing npm:load:timers Completed in 0ms
31 timing npm:load:configScope Completed in 0ms
32 timing npm:load Completed in 83ms
33 timing arborist:ctor Completed in 1ms
34 silly logfile done cleaning log files
35 timing idealTree:init Completed in 94ms
36 timing idealTree:userRequests Completed in 1ms
37 silly idealTree buildDeps
38 timing idealTree:#root Completed in 0ms
39 timing idealTree:buildDeps Completed in 3ms
40 timing idealTree:fixDepFlags Completed in 4ms
41 timing idealTree Completed in 105ms
42 timing arborist:ctor Completed in 0ms
43 timing reify:loadTrees Completed in 175ms
44 timing reify:diffTrees Completed in 4ms
45 silly reify mark retired [ '/data/node_modules/adler-32' ]
46 silly reify mark retired [ '/data/node_modules/async' ]
47 silly reify mark retired [ '/data/node_modules/byline' ]
48 silly reify mark retired [ '/data/node_modules/caller-id' ]
49 silly reify mark retired [ '/data/node_modules/cfb', '/data/node_modules/.bin/cfb' ]
50 silly reify mark retired [ '/data/node_modules/co' ]
51 silly reify mark retired [ '/data/node_modules/codepage' ]
52 silly reify mark retired [ '/data/node_modules/colors' ]
53 silly reify mark retired [ '/data/node_modules/commander' ]
54 silly reify mark retired [ '/data/node_modules/crc-32', '/data/node_modules/.bin/crc32' ]
55 silly reify mark retired [ '/data/node_modules/debug' ]
56 silly reify mark retired [ '/data/node_modules/domain' ]
57 silly reify mark retired [ '/data/node_modules/dotty' ]
58 silly reify mark retired [ '/data/node_modules/emitter-component' ]
59 silly reify mark retired [ '/data/node_modules/eventstore' ]
60 silly reify mark retired [ '/data/node_modules/exit-on-epipe' ]
61 silly reify mark retired [ '/data/node_modules/filesize' ]
62 silly reify mark retired [ '/data/node_modules/frac' ]
63 silly reify mark retired [ '/data/node_modules/fs' ]
64 silly reify mark retired [ '/data/node_modules/jsondate' ]
65 silly reify mark retired [ '/data/node_modules/lodash' ]
66 silly reify mark retired [ '/data/node_modules/moment' ]
67 silly reify mark retired [ '/data/node_modules/ms' ]
68 silly reify mark retired [ '/data/node_modules/nanoid' ]
69 silly reify mark retired [ '/data/node_modules/node-red-biglib' ]
70 silly reify mark retired [ '/data/node_modules/node-red-contrib-bigxlsx' ]
71 silly reify mark retired [ '/data/node_modules/node-xlsx' ]
72 silly reify mark retired [ '/data/node_modules/parent-require' ]
73 silly reify mark retired [ '/data/node_modules/retry' ]
74 silly reify mark retired [ '/data/node_modules/shell-quote' ]
75 silly reify mark retired [ '/data/node_modules/shortid' ]
76 silly reify mark retired [ '/data/node_modules/should' ]
77 silly reify mark retired [ '/data/node_modules/should-equal' ]
78 silly reify mark retired [ '/data/node_modules/should-format' ]
79 silly reify mark retired [ '/data/node_modules/should-type' ]
80 silly reify mark retired [ '/data/node_modules/ssf', '/data/node_modules/.bin/ssf' ]
81 silly reify mark retired [ '/data/node_modules/stack-trace' ]
82 silly reify mark retired [ '/data/node_modules/stream' ]
83 silly reify mark retired [ '/data/node_modules/thunkify' ]
84 silly reify mark retired [ '/data/node_modules/tolerance' ]
85 silly reify mark retired [ '/data/node_modules/uuid', '/data/node_modules/.bin/uuid' ]
86 silly reify mark retired [ '/data/node_modules/voc', '/data/node_modules/.bin/voc' ]
87 silly reify mark retired [ '/data/node_modules/xlsx', '/data/node_modules/.bin/xlsx' ]
88 silly reify moves {
88 silly reify   '/data/node_modules/adler-32': '/data/node_modules/.adler-32-KrXn4QHh',
88 silly reify   '/data/node_modules/async': '/data/node_modules/.async-qAJ6YcT9',
88 silly reify   '/data/node_modules/byline': '/data/node_modules/.byline-xms1ELmQ',
88 silly reify   '/data/node_modules/caller-id': '/data/node_modules/.caller-id-U6S0y3Bq',
88 silly reify   '/data/node_modules/cfb': '/data/node_modules/.cfb-Aa2MlFI8',
88 silly reify   '/data/node_modules/.bin/cfb': '/data/node_modules/.bin/.cfb-uU9zEXfu',
88 silly reify   '/data/node_modules/co': '/data/node_modules/.co-XSXlAdDH',
88 silly reify   '/data/node_modules/codepage': '/data/node_modules/.codepage-h5fXAjHA',
88 silly reify   '/data/node_modules/colors': '/data/node_modules/.colors-WW5MPfNG',
88 silly reify   '/data/node_modules/commander': '/data/node_modules/.commander-JPBnCpEB',
88 silly reify   '/data/node_modules/crc-32': '/data/node_modules/.crc-32-ynZ07F1O',
88 silly reify   '/data/node_modules/.bin/crc32': '/data/node_modules/.bin/.crc32-kY5xtLs5',
88 silly reify   '/data/node_modules/debug': '/data/node_modules/.debug-oMLg6EQG',
88 silly reify   '/data/node_modules/domain': '/data/node_modules/.domain-YrFYVkmX',
88 silly reify   '/data/node_modules/dotty': '/data/node_modules/.dotty-vUU0nwx9',
88 silly reify   '/data/node_modules/emitter-component': '/data/node_modules/.emitter-component-e8LI8PVA',
88 silly reify   '/data/node_modules/eventstore': '/data/node_modules/.eventstore-j8siFw7Z',
88 silly reify   '/data/node_modules/exit-on-epipe': '/data/node_modules/.exit-on-epipe-U2d9BoSi',
88 silly reify   '/data/node_modules/filesize': '/data/node_modules/.filesize-vThpKajx',
88 silly reify   '/data/node_modules/frac': '/data/node_modules/.frac-LKQtQOpJ',
88 silly reify   '/data/node_modules/fs': '/data/node_modules/.fs-F1ywlRNZ',
88 silly reify   '/data/node_modules/jsondate': '/data/node_modules/.jsondate-wXiyVKSZ',
88 silly reify   '/data/node_modules/lodash': '/data/node_modules/.lodash-RwIfwiNE',
88 silly reify   '/data/node_modules/moment': '/data/node_modules/.moment-HMXFnPrn',
88 silly reify   '/data/node_modules/ms': '/data/node_modules/.ms-g1irmAFT',
88 silly reify   '/data/node_modules/nanoid': '/data/node_modules/.nanoid-L9UPicAa',
88 silly reify   '/data/node_modules/node-red-biglib': '/data/node_modules/.node-red-biglib-dt2Zkcwm',
88 silly reify   '/data/node_modules/node-red-contrib-bigxlsx': '/data/node_modules/.node-red-contrib-bigxlsx-PqPRDHW2',
88 silly reify   '/data/node_modules/node-xlsx': '/data/node_modules/.node-xlsx-0Xn7tZCE',
88 silly reify   '/data/node_modules/parent-require': '/data/node_modules/.parent-require-Y0bCswAu',
88 silly reify   '/data/node_modules/retry': '/data/node_modules/.retry-KnV1EhyG',
88 silly reify   '/data/node_modules/shell-quote': '/data/node_modules/.shell-quote-uC2qgqZm',
88 silly reify   '/data/node_modules/shortid': '/data/node_modules/.shortid-upafMbtP',
88 silly reify   '/data/node_modules/should': '/data/node_modules/.should-ksNPNIp3',
88 silly reify   '/data/node_modules/should-equal': '/data/node_modules/.should-equal-FfuCZzG5',
88 silly reify   '/data/node_modules/should-format': '/data/node_modules/.should-format-oH2CB29L',
88 silly reify   '/data/node_modules/should-type': '/data/node_modules/.should-type-td5qlomc',
88 silly reify   '/data/node_modules/ssf': '/data/node_modules/.ssf-ePteV8VD',
88 silly reify   '/data/node_modules/.bin/ssf': '/data/node_modules/.bin/.ssf-NQCWxfdF',
88 silly reify   '/data/node_modules/stack-trace': '/data/node_modules/.stack-trace-pTYW0rFM',
88 silly reify   '/data/node_modules/stream': '/data/node_modules/.stream-okHi7xSL',
88 silly reify   '/data/node_modules/thunkify': '/data/node_modules/.thunkify-r6ZUYSi3',
88 silly reify   '/data/node_modules/tolerance': '/data/node_modules/.tolerance-TJNa5XiL',
88 silly reify   '/data/node_modules/uuid': '/data/node_modules/.uuid-4ltFvtl7',
88 silly reify   '/data/node_modules/.bin/uuid': '/data/node_modules/.bin/.uuid-AirT9FyH',
88 silly reify   '/data/node_modules/voc': '/data/node_modules/.voc-EdLHNzTm',
88 silly reify   '/data/node_modules/.bin/voc': '/data/node_modules/.bin/.voc-EIP6Po3J',
88 silly reify   '/data/node_modules/xlsx': '/data/node_modules/.xlsx-8t2SQ23T',
88 silly reify   '/data/node_modules/.bin/xlsx': '/data/node_modules/.bin/.xlsx-WqqJ2LMM'
88 silly reify }
89 timing reify:retireShallow Completed in 179ms
90 timing reify:createSparse Completed in 0ms
91 timing reify:loadBundles Completed in 0ms
92 timing reify:unpack Completed in 0ms
93 timing reify:unretire Completed in 0ms
94 timing build:queue Completed in 1ms
95 timing build:deps Completed in 1ms
96 timing build Completed in 2ms
97 timing reify:build Completed in 2ms
98 timing reify:trash Completed in 3354ms
99 timing reify:save Completed in 8ms
100 timing reify Completed in 3741ms
101 silly REMOVE node_modules/xlsx
102 silly REMOVE node_modules/voc
103 silly REMOVE node_modules/uuid
104 silly REMOVE node_modules/tolerance
105 silly REMOVE node_modules/thunkify
106 silly REMOVE node_modules/stream
107 silly REMOVE node_modules/stack-trace
108 silly REMOVE node_modules/ssf
109 silly REMOVE node_modules/should-type
110 silly REMOVE node_modules/should-format
111 silly REMOVE node_modules/should-equal
112 silly REMOVE node_modules/should
113 silly REMOVE node_modules/shortid
114 silly REMOVE node_modules/shell-quote
115 silly REMOVE node_modules/retry
116 silly REMOVE node_modules/parent-require
117 silly REMOVE node_modules/node-xlsx
118 silly REMOVE node_modules/node-red-contrib-bigxlsx
119 silly REMOVE node_modules/node-red-biglib
120 silly REMOVE node_modules/nanoid
121 silly REMOVE node_modules/ms
122 silly REMOVE node_modules/moment
123 silly REMOVE node_modules/lodash
124 silly REMOVE node_modules/jsondate
125 silly REMOVE node_modules/fs
126 silly REMOVE node_modules/frac
127 silly REMOVE node_modules/filesize
128 silly REMOVE node_modules/exit-on-epipe
129 silly REMOVE node_modules/eventstore
130 silly REMOVE node_modules/emitter-component
131 silly REMOVE node_modules/dotty
132 silly REMOVE node_modules/domain
133 silly REMOVE node_modules/debug
134 silly REMOVE node_modules/crc-32
135 silly REMOVE node_modules/commander
136 silly REMOVE node_modules/colors
137 silly REMOVE node_modules/codepage
138 silly REMOVE node_modules/co
139 silly REMOVE node_modules/cfb
140 silly REMOVE node_modules/caller-id
141 silly REMOVE node_modules/byline
142 silly REMOVE node_modules/async
143 silly REMOVE node_modules/adler-32
144 timing command:remove Completed in 3760ms
145 verbose exit 0
146 timing npm Completed in 3929ms
147 info ok
