0 verbose cli /usr/local/bin/node /usr/local/bin/npm
1 info using npm@8.11.0
2 info using node@v16.16.0
3 timing npm:load:whichnode Completed in 1ms
4 timing config:load:defaults Completed in 3ms
5 timing config:load:file:/usr/local/lib/node_modules/npm/npmrc Completed in 2ms
6 timing config:load:builtin Completed in 4ms
7 warn config production Use `--omit=dev` instead.
8 timing config:load:cli Completed in 5ms
9 timing config:load:env Completed in 0ms
10 timing config:load:file:/data/.npmrc Completed in 5ms
11 timing config:load:project Completed in 12ms
12 timing config:load:file:/usr/src/node-red/.npmrc Completed in 0ms
13 timing config:load:user Completed in 0ms
14 timing config:load:file:/usr/local/etc/npmrc Completed in 2ms
15 timing config:load:global Completed in 2ms
16 timing config:load:validate Completed in 0ms
17 timing config:load:credentials Completed in 2ms
18 timing config:load:setEnvs Completed in 1ms
19 timing config:load Completed in 30ms
20 timing npm:load:configload Completed in 30ms
21 timing npm:load:mkdirpcache Completed in 5ms
22 timing npm:load:mkdirplogs Completed in 5ms
23 verbose title npm install node-red-contrib-spreadsheet-in@0.6.0
24 verbose argv "install" "--no-audit" "--no-update-notifier" "--no-fund" "--save" "--save-prefix" "~" "--production" "--engine-strict" "node-red-contrib-spreadsheet-in@0.6.0"
25 timing npm:load:setTitle Completed in 2ms
26 timing config:load:flatten Completed in 4ms
27 timing npm:load:display Completed in 7ms
28 verbose logfile logs-max:10 dir:/data/.npm/_logs
29 verbose logfile /data/.npm/_logs/2022-09-27T06_18_33_455Z-debug-0.log
30 timing npm:load:logFile Completed in 22ms
31 timing npm:load:timers Completed in 0ms
32 timing npm:load:configScope Completed in 0ms
33 timing npm:load Completed in 74ms
34 timing arborist:ctor Completed in 1ms
35 silly logfile done cleaning log files
36 timing idealTree:init Completed in 15ms
37 timing idealTree:userRequests Completed in 7ms
38 silly idealTree buildDeps
39 silly fetch manifest node-red-contrib-spreadsheet-in@0.6.0
40 timing arborist:ctor Completed in 0ms
41 http fetch GET 200 https://registry.npmjs.org/node-red-contrib-spreadsheet-in 82ms (cache hit)
42 silly placeDep ROOT node-red-contrib-spreadsheet-in@0.6.0 OK for: node-red-project@0.0.1 want: 0.6.0
43 silly fetch manifest xlsx@>=0.11.2
44 http fetch GET 200 https://registry.npmjs.org/xlsx 52ms (cache hit)
45 timing idealTree:#root Completed in 156ms
46 silly placeDep ROOT xlsx@0.18.5 OK for: node-red-contrib-spreadsheet-in@0.6.0 want: >=0.11.2
47 silly fetch manifest adler-32@~1.3.0
48 silly fetch manifest cfb@~1.2.1
49 silly fetch manifest codepage@~1.15.0
50 silly fetch manifest crc-32@~1.2.1
51 silly fetch manifest ssf@~0.11.2
52 silly fetch manifest wmf@~1.0.1
53 silly fetch manifest word@~0.3.0
54 http fetch GET 200 https://registry.npmjs.org/cfb 83ms (cache hit)
55 http fetch GET 200 https://registry.npmjs.org/adler-32 87ms (cache hit)
56 http fetch GET 200 https://registry.npmjs.org/crc-32 88ms (cache hit)
57 http fetch GET 200 https://registry.npmjs.org/ssf 91ms (cache hit)
58 http fetch GET 200 https://registry.npmjs.org/wmf 92ms (cache hit)
59 http fetch GET 200 https://registry.npmjs.org/word 92ms (cache hit)
60 http fetch GET 200 https://registry.npmjs.org/codepage 98ms (cache hit)
61 timing idealTree:node_modules/node-red-contrib-spreadsheet-in Completed in 108ms
62 silly placeDep ROOT adler-32@1.3.1 OK for: xlsx@0.18.5 want: ~1.3.0
63 silly placeDep ROOT cfb@1.2.2 OK for: xlsx@0.18.5 want: ~1.2.1
64 silly placeDep ROOT codepage@1.15.0 OK for: xlsx@0.18.5 want: ~1.15.0
65 silly placeDep ROOT crc-32@1.2.2 OK for: xlsx@0.18.5 want: ~1.2.1
66 silly placeDep ROOT ssf@0.11.2 OK for: xlsx@0.18.5 want: ~0.11.2
67 silly placeDep ROOT wmf@1.0.2 OK for: xlsx@0.18.5 want: ~1.0.1
68 silly placeDep ROOT word@0.3.0 OK for: xlsx@0.18.5 want: ~0.3.0
69 silly fetch manifest frac@~1.1.2
70 http fetch GET 200 https://registry.npmjs.org/frac 53ms (cache hit)
71 timing idealTree:node_modules/xlsx Completed in 91ms
72 timing idealTree:node_modules/adler-32 Completed in 0ms
73 timing idealTree:node_modules/cfb Completed in 0ms
74 timing idealTree:node_modules/codepage Completed in 0ms
75 timing idealTree:node_modules/crc-32 Completed in 1ms
76 silly placeDep ROOT frac@1.1.2 OK for: ssf@0.11.2 want: ~1.1.2
77 timing idealTree:node_modules/ssf Completed in 2ms
78 timing idealTree:node_modules/frac Completed in 0ms
79 timing idealTree:node_modules/wmf Completed in 0ms
80 timing idealTree:node_modules/word Completed in 0ms
81 timing idealTree:buildDeps Completed in 362ms
82 timing idealTree:fixDepFlags Completed in 1ms
83 timing idealTree Completed in 390ms
84 timing reify:loadTrees Completed in 392ms
85 timing reify:diffTrees Completed in 1ms
86 silly reify moves {}
87 timing reify:retireShallow Completed in 1ms
88 timing reify:createSparse Completed in 17ms
89 timing reify:trashOmits Completed in 0ms
90 timing reify:loadBundles Completed in 0ms
91 timing reifyNode:node_modules/word Completed in 234ms
92 timing reifyNode:node_modules/adler-32 Completed in 255ms
93 timing reifyNode:node_modules/crc-32 Completed in 278ms
94 timing reifyNode:node_modules/ssf Completed in 279ms
95 timing reifyNode:node_modules/frac Completed in 282ms
96 timing reifyNode:node_modules/wmf Completed in 318ms
97 timing reifyNode:node_modules/cfb Completed in 360ms
98 timing reifyNode:node_modules/node-red-contrib-spreadsheet-in Completed in 438ms
99 timing reifyNode:node_modules/xlsx Completed in 876ms
100 timing reifyNode:node_modules/codepage Completed in 1085ms
101 timing reify:unpack Completed in 1086ms
102 timing reify:unretire Completed in 0ms
103 timing build:queue Completed in 5ms
104 timing build:link:node_modules/crc-32 Completed in 19ms
105 timing build:link:node_modules/xlsx Completed in 18ms
106 timing build:link Completed in 19ms
107 timing build:deps Completed in 26ms
108 timing build Completed in 26ms
109 timing reify:build Completed in 26ms
110 timing reify:trash Completed in 0ms
111 timing reify:save Completed in 18ms
112 timing reify Completed in 1584ms
113 silly ADD node_modules/frac
114 silly ADD node_modules/word
115 silly ADD node_modules/wmf
116 silly ADD node_modules/ssf
117 silly ADD node_modules/crc-32
118 silly ADD node_modules/codepage
119 silly ADD node_modules/cfb
120 silly ADD node_modules/adler-32
121 silly ADD node_modules/xlsx
122 silly ADD node_modules/node-red-contrib-spreadsheet-in
123 timing command:install Completed in 1592ms
124 verbose exit 0
125 timing npm Completed in 1753ms
126 info ok
